#
# There is insufficient memory for the Java Runtime Environment to continue.
# Native memory allocation (mmap) failed to map 1042284544 bytes for G1 virtual space
# Possible reasons:
#   The system is out of physical RAM or swap space
#   The process is running with CompressedOops enabled, and the Java Heap may be blocking the growth of the native heap
# Possible solutions:
#   Reduce memory load on the system
#   Increase physical memory or swap space
#   Check if swap backing store is full
#   Decrease Java heap size (-Xmx/-Xms)
#   Decrease number of Java threads
#   Decrease Java thread stack sizes (-Xss)
#   Set larger code cache with -XX:ReservedCodeCacheSize=
#   JVM is running with Zero Based Compressed Oops mode in which the Java heap is
#     placed in the first 32GB address space. The Java Heap base address is the
#     maximum limit for the native heap growth. Please use -XX:HeapBaseMinAddress
#     to set the Java Heap base and to place the Java Heap above 32GB virtual address.
# This output file may be truncated or incomplete.
#
#  Out of Memory Error (os_windows.cpp:3536), pid=40432, tid=48380
#
# JRE version: Java(TM) SE Runtime Environment (19.0.2+7) (build 19.0.2+7-44)
# Java VM: Java HotSpot(TM) 64-Bit Server VM (19.0.2+7-44, mixed mode, emulated-client, sharing, tiered, compressed oops, compressed class ptrs, g1 gc, windows-amd64)
# No core dump will be written. Minidumps are not enabled by default on client versions of Windows
#

---------------  S U M M A R Y ------------

Command Line: -Dquarkus-internal.serialized-app-model.path=C:\Users\dell\Documents\GitHub\JavaTest\target\quarkus\bootstrap\dev-app-model.dat -javaagent:C:\Users\dell\.m2\repository\io\quarkus\quarkus-class-change-agent\3.1.2.Final\quarkus-class-change-agent-3.1.2.Final.jar -XX:TieredStopAtLevel=1 -agentlib:jdwp=transport=dt_socket,address=localhost:5005,server=y,suspend=n -Djava.util.logging.manager=org.jboss.logmanager.LogManager C:\Users\dell\Documents\GitHub\JavaTest\target\code-with-quarkus-dev.jar

Host: Intel(R) Core(TM) i7-8650U CPU @ 1.90GHz, 8 cores, 15G,  Windows 11 , 64 bit Build 22621 (10.0.22621.1778)
Time: Sun Jul  9 01:22:42 2023 SE Asia Standard Time elapsed time: 2715.638042 seconds (0d 0h 45m 15s)

---------------  T H R E A D  ---------------

Current thread (0x00000298c341d1b0):  VMThread "VM Thread" [stack: 0x000000caf5600000,0x000000caf5700000] [id=48380]

Stack: [0x000000caf5600000,0x000000caf5700000]
Native frames: (J=compiled Java code, j=interpreted, Vv=VM code, C=native code)
V  [jvm.dll+0x6ee21a]
V  [jvm.dll+0x85765e]
V  [jvm.dll+0x85904e]
V  [jvm.dll+0x859703]
V  [jvm.dll+0x28298f]
V  [jvm.dll+0x6eb009]
V  [jvm.dll+0x6dfbaa]
V  [jvm.dll+0x3573f6]
V  [jvm.dll+0x35ee56]
V  [jvm.dll+0x3b541e]
V  [jvm.dll+0x3b564f]
V  [jvm.dll+0x32c9ea]
V  [jvm.dll+0x32ca97]
V  [jvm.dll+0x374cd2]
V  [jvm.dll+0x37340f]
V  [jvm.dll+0x32c210]
V  [jvm.dll+0x372ccd]
V  [jvm.dll+0x85ebc3]
V  [jvm.dll+0x85f989]
V  [jvm.dll+0x85febd]
V  [jvm.dll+0x86034b]
V  [jvm.dll+0x860407]
V  [jvm.dll+0x80125a]
V  [jvm.dll+0x6ecf0b]
C  [ucrtbase.dll+0x29363]
C  [KERNEL32.DLL+0x126ad]
C  [ntdll.dll+0x5a9f8]

VM_Operation (0x000000caf82fd508): G1TryInitiateConcMark, mode: safepoint, requested by thread 0x00000298d44d3970


---------------  P R O C E S S  ---------------

Threads class SMR info:
_java_thread_list=0x00000298cc894540, length=105, elements={
0x00000298c34364e0, 0x00000298c3437010, 0x00000298c343ced0, 0x00000298c343d800,
0x00000298c343e130, 0x00000298c343ea60, 0x00000298ca0099a0, 0x00000298ca014730,
0x00000298ca0f3ed0, 0x00000298ca726900, 0x00000298ca72be80, 0x00000298ca731770,
0x00000298ca148ec0, 0x00000298cc684c30, 0x00000298cc6866c0, 0x00000298ca045a50,
0x00000298ca04b9f0, 0x00000298ca0474e0, 0x00000298ca0464f0, 0x00000298ca044510,
0x00000298ca044a60, 0x00000298ca046f90, 0x00000298ca047f80, 0x00000298ca044fb0,
0x00000298ca048a20, 0x00000298ca045500, 0x00000298ca049f60, 0x00000298d39dccb0,
0x00000298d39e0c70, 0x00000298d39dbcc0, 0x00000298cc684190, 0x00000298d569ea40,
0x00000298d3849bf0, 0x00000298d44d2430, 0x00000298d3528810, 0x00000298d44d2ed0,
0x00000298d44d3420, 0x00000298d57e2f80, 0x00000298d384a690, 0x00000298d57e0500,
0x00000298d38455e0, 0x00000298d44d4410, 0x00000298d44d4960, 0x00000298d44d1440,
0x00000298d44d1990, 0x00000298d44d3970, 0x00000298d44d1ee0, 0x00000298d44d2980,
0x00000298d44d3ec0, 0x00000298d5125950, 0x00000298d5125ea0, 0x00000298d51263f0,
0x00000298d57e0a50, 0x00000298d57e0fa0, 0x00000298d3845b30, 0x00000298d38465d0,
0x00000298d3846080, 0x00000298d492a970, 0x00000298d43ea2e0, 0x00000298d57e14f0,
0x00000298d3529800, 0x00000298d492a420, 0x00000298d4928ee0, 0x00000298d43e6dc0,
0x00000298d43e8da0, 0x00000298d5126940, 0x00000298d5869a60, 0x00000298d57e1f90,
0x00000298d43e92f0, 0x00000298d492b960, 0x00000298d43e7310, 0x00000298d43e7860,
0x00000298d57e1a40, 0x00000298d38496a0, 0x00000298d4929430, 0x00000298d51273e0,
0x00000298d5124eb0, 0x00000298d5125400, 0x00000298d5127e80, 0x00000298d5126e90,
0x00000298d5124960, 0x00000298d5127930, 0x00000298d384abe0, 0x00000298d43e7db0,
0x00000298d43e8300, 0x00000298d537cba0, 0x00000298d384a140, 0x00000298d537d0f0,
0x00000298d5495670, 0x00000298d5494680, 0x00000298d5493140, 0x00000298d5869510,
0x00000298d5869fb0, 0x00000298d586a500, 0x00000298d5868fc0, 0x00000298d54a3bf0,
0x00000298d54a4140, 0x00000298d54a26b0, 0x00000298d54a2c00, 0x00000298d54a4690,
0x00000298d54a16c0, 0x00000298d5494bd0, 0x00000298cddb2300, 0x00000298cddb17e0,
0x00000298cddb1d70
}

Java Threads: ( => current thread )
  0x00000298c34364e0 JavaThread "Reference Handler" daemon [_thread_blocked, id=18236, stack(0x000000caf5700000,0x000000caf5800000)]
  0x00000298c3437010 JavaThread "Finalizer" daemon [_thread_blocked, id=34144, stack(0x000000caf5800000,0x000000caf5900000)]
  0x00000298c343ced0 JavaThread "Signal Dispatcher" daemon [_thread_blocked, id=37920, stack(0x000000caf5900000,0x000000caf5a00000)]
  0x00000298c343d800 JavaThread "Attach Listener" daemon [_thread_blocked, id=4212, stack(0x000000caf5a00000,0x000000caf5b00000)]
  0x00000298c343e130 JavaThread "Service Thread" daemon [_thread_blocked, id=41796, stack(0x000000caf5b00000,0x000000caf5c00000)]
  0x00000298c343ea60 JavaThread "Monitor Deflation Thread" daemon [_thread_blocked, id=45644, stack(0x000000caf5c00000,0x000000caf5d00000)]
  0x00000298ca0099a0 JavaThread "C1 CompilerThread0" daemon [_thread_blocked, id=9924, stack(0x000000caf5d00000,0x000000caf5e00000)]
  0x00000298ca014730 JavaThread "Sweeper thread" daemon [_thread_blocked, id=25220, stack(0x000000caf5e00000,0x000000caf5f00000)]
  0x00000298ca0f3ed0 JavaThread "Common-Cleaner" daemon [_thread_blocked, id=14204, stack(0x000000caf5f00000,0x000000caf6000000)]
  0x00000298ca726900 JavaThread "JDWP Transport Listener: dt_socket" daemon [_thread_in_native, id=34348, stack(0x000000caf6200000,0x000000caf6300000)]
  0x00000298ca72be80 JavaThread "JDWP Event Helper Thread" daemon [_thread_blocked, id=15596, stack(0x000000caf6300000,0x000000caf6400000)]
  0x00000298ca731770 JavaThread "Notification Thread" daemon [_thread_blocked, id=35116, stack(0x000000caf6400000,0x000000caf6500000)]
  0x00000298ca148ec0 JavaThread "Quarkus Devmode keep alive thread" [_thread_blocked, id=40544, stack(0x000000caf6d00000,0x000000caf6e00000)]
  0x00000298cc684c30 JavaThread "WindowsStreamPump" daemon [_thread_in_native, id=23344, stack(0x000000cafd600000,0x000000cafd700000)]
  0x00000298cc6866c0 JavaThread "Aesh InputStream Reader" daemon [_thread_blocked, id=39812, stack(0x000000cafd700000,0x000000cafd800000)]
  0x00000298ca045a50 JavaThread "vertx-blocked-thread-checker" daemon [_thread_blocked, id=3076, stack(0x000000cafdb00000,0x000000cafdc00000)]
  0x00000298ca04b9f0 JavaThread "Jndi-Dns-address-change-listener" daemon [_thread_in_native, id=38164, stack(0x000000cafdc00000,0x000000cafdd00000)]
  0x00000298ca0474e0 JavaThread "[DevConsole]vert.x-eventloop-thread-0" [_thread_in_native, id=41688, stack(0x000000cafdd00000,0x000000cafde00000)]
  0x00000298ca0464f0 JavaThread "vertx-blocked-thread-checker" daemon [_thread_blocked, id=23100, stack(0x000000caf7800000,0x000000caf7900000)]
  0x00000298ca044510 JavaThread "vert.x-eventloop-thread-0" [_thread_in_native, id=15184, stack(0x000000caf7a00000,0x000000caf7b00000)]
  0x00000298ca044a60 JavaThread "vert.x-eventloop-thread-1" [_thread_in_native, id=16776, stack(0x000000caf7d00000,0x000000caf7e00000)]
  0x00000298ca046f90 JavaThread "vert.x-acceptor-thread-0" [_thread_in_native, id=24884, stack(0x000000caf7e00000,0x000000caf7f00000)]
  0x00000298ca047f80 JavaThread "vert.x-eventloop-thread-2" [_thread_in_native, id=28896, stack(0x000000caf7f00000,0x000000caf8000000)]
  0x00000298ca044fb0 JavaThread "DestroyJavaVM" [_thread_blocked, id=2716, stack(0x000000caf5000000,0x000000caf5100000)]
  0x00000298ca048a20 JavaThread "vert.x-worker-thread-1" [_thread_blocked, id=35156, stack(0x000000caf6000000,0x000000caf6100000)]
  0x00000298ca045500 JavaThread "vert.x-internal-blocking-1" [_thread_blocked, id=36840, stack(0x000000caf4d00000,0x000000caf4e00000)]
  0x00000298ca049f60 JavaThread "vert.x-eventloop-thread-3" [_thread_in_native, id=46840, stack(0x000000caf4f00000,0x000000caf5000000)]
  0x00000298d39dccb0 JavaThread "vert.x-worker-thread-2" [_thread_blocked, id=20112, stack(0x000000caf7700000,0x000000caf7800000)]
  0x00000298d39e0c70 JavaThread "vert.x-eventloop-thread-4" [_thread_in_native, id=6548, stack(0x000000caf8400000,0x000000caf8500000)]
  0x00000298d39dbcc0 JavaThread "vert.x-eventloop-thread-5" [_thread_in_native, id=20896, stack(0x000000caf8300000,0x000000caf8400000)]
  0x00000298cc684190 JavaThread "vert.x-eventloop-thread-6" [_thread_in_native, id=2200, stack(0x000000caf7900000,0x000000caf7a00000)]
  0x00000298d569ea40 JavaThread "vert.x-eventloop-thread-7" [_thread_in_native, id=35628, stack(0x000000caf7400000,0x000000caf7500000)]
  0x00000298d3849bf0 JavaThread "ForkJoinPool.commonPool-worker-21" daemon [_thread_blocked, id=14036, stack(0x000000caf6f00000,0x000000caf7000000)]
  0x00000298d44d2430 JavaThread "PostgreSQL-JDBC-Cleaner" daemon [_thread_blocked, id=35584, stack(0x000000caf8000000,0x000000caf8100000)]
  0x00000298d3528810 JavaThread "vert.x-worker-thread-3" [_thread_blocked, id=39852, stack(0x000000caf7b00000,0x000000caf7c00000)]
  0x00000298d44d2ed0 JavaThread "ForkJoinPool.commonPool-worker-29" daemon [_thread_blocked, id=37896, stack(0x000000caf4e00000,0x000000caf4f00000)]
  0x00000298d44d3420 JavaThread "ForkJoinPool.commonPool-worker-31" daemon [_thread_blocked, id=35968, stack(0x000000caf6e00000,0x000000caf6f00000)]
  0x00000298d57e2f80 JavaThread "ForkJoinPool.commonPool-worker-32" daemon [_thread_blocked, id=6692, stack(0x000000caf7000000,0x000000caf7100000)]
  0x00000298d384a690 JavaThread "ForkJoinPool.commonPool-worker-34" daemon [_thread_blocked, id=43920, stack(0x000000caf7100000,0x000000caf7200000)]
  0x00000298d57e0500 JavaThread "ForkJoinPool.commonPool-worker-36" daemon [_thread_blocked, id=6372, stack(0x000000caf6100000,0x000000caf6200000)]
  0x00000298d38455e0 JavaThread "ForkJoinPool.commonPool-worker-37" daemon [_thread_blocked, id=39092, stack(0x000000caf7200000,0x000000caf7300000)]
  0x00000298d44d4410 JavaThread "build-2" [_thread_blocked, id=12788, stack(0x000000caf6600000,0x000000caf6700000)]
  0x00000298d44d4960 JavaThread "build-3" [_thread_blocked, id=42568, stack(0x000000caf7300000,0x000000caf7400000)]
  0x00000298d44d1440 JavaThread "build-4" [_thread_blocked, id=22112, stack(0x000000caf7600000,0x000000caf7700000)]
  0x00000298d44d1990 JavaThread "build-5" [_thread_blocked, id=21808, stack(0x000000caf7c00000,0x000000caf7d00000)]
  0x00000298d44d3970 JavaThread "build-6" [_thread_blocked, id=29968, stack(0x000000caf8200000,0x000000caf8300000)]
  0x00000298d44d1ee0 JavaThread "build-7" [_thread_blocked, id=41460, stack(0x000000caf8500000,0x000000caf8600000)]
  0x00000298d44d2980 JavaThread "build-8" [_thread_blocked, id=48104, stack(0x000000caf8600000,0x000000caf8700000)]
  0x00000298d44d3ec0 JavaThread "build-9" [_thread_blocked, id=8004, stack(0x000000caf8700000,0x000000caf8800000)]
  0x00000298d5125950 JavaThread "build-10" [_thread_blocked, id=20900, stack(0x000000caf8800000,0x000000caf8900000)]
  0x00000298d5125ea0 JavaThread "build-11" [_thread_blocked, id=23336, stack(0x000000caf8900000,0x000000caf8a00000)]
  0x00000298d51263f0 JavaThread "build-12" [_thread_blocked, id=29816, stack(0x000000caf8a00000,0x000000caf8b00000)]
  0x00000298d57e0a50 JavaThread "build-13" [_thread_blocked, id=32276, stack(0x000000caf8b00000,0x000000caf8c00000)]
  0x00000298d57e0fa0 JavaThread "build-14" [_thread_blocked, id=25776, stack(0x000000caf8c00000,0x000000caf8d00000)]
  0x00000298d3845b30 JavaThread "build-15" [_thread_blocked, id=31876, stack(0x000000caf8d00000,0x000000caf8e00000)]
  0x00000298d38465d0 JavaThread "build-16" [_thread_blocked, id=17276, stack(0x000000caf8e00000,0x000000caf8f00000)]
  0x00000298d3846080 JavaThread "build-17" [_thread_blocked, id=45660, stack(0x000000caf8f00000,0x000000caf9000000)]
  0x00000298d492a970 JavaThread "build-18" [_thread_blocked, id=24716, stack(0x000000caf9000000,0x000000caf9100000)]
  0x00000298d43ea2e0 JavaThread "build-19" [_thread_blocked, id=27196, stack(0x000000caf9100000,0x000000caf9200000)]
  0x00000298d57e14f0 JavaThread "build-20" [_thread_blocked, id=15740, stack(0x000000caf9200000,0x000000caf9300000)]
  0x00000298d3529800 JavaThread "build-21" [_thread_blocked, id=45124, stack(0x000000caf9300000,0x000000caf9400000)]
  0x00000298d492a420 JavaThread "build-22" [_thread_blocked, id=20380, stack(0x000000caf9400000,0x000000caf9500000)]
  0x00000298d4928ee0 JavaThread "build-23" [_thread_blocked, id=46324, stack(0x000000caf9500000,0x000000caf9600000)]
  0x00000298d43e6dc0 JavaThread "build-24" [_thread_blocked, id=1140, stack(0x000000caf9600000,0x000000caf9700000)]
  0x00000298d43e8da0 JavaThread "build-25" [_thread_blocked, id=17524, stack(0x000000caf9700000,0x000000caf9800000)]
  0x00000298d5126940 JavaThread "build-26" [_thread_blocked, id=24784, stack(0x000000caf9800000,0x000000caf9900000)]
  0x00000298d5869a60 JavaThread "build-27" [_thread_blocked, id=2236, stack(0x000000caf9900000,0x000000caf9a00000)]
  0x00000298d57e1f90 JavaThread "build-28" [_thread_blocked, id=32292, stack(0x000000caf9a00000,0x000000caf9b00000)]
  0x00000298d43e92f0 JavaThread "build-29" [_thread_blocked, id=8364, stack(0x000000caf9b00000,0x000000caf9c00000)]
  0x00000298d492b960 JavaThread "build-30" [_thread_blocked, id=27588, stack(0x000000caf9c00000,0x000000caf9d00000)]
  0x00000298d43e7310 JavaThread "build-31" [_thread_blocked, id=42504, stack(0x000000caf9d00000,0x000000caf9e00000)]
  0x00000298d43e7860 JavaThread "build-32" [_thread_blocked, id=37680, stack(0x000000caf9e00000,0x000000caf9f00000)]
  0x00000298d57e1a40 JavaThread "build-33" [_thread_blocked, id=22688, stack(0x000000caf9f00000,0x000000cafa000000)]
  0x00000298d38496a0 JavaThread "build-34" [_thread_blocked, id=10108, stack(0x000000cafa000000,0x000000cafa100000)]
  0x00000298d4929430 JavaThread "build-35" [_thread_blocked, id=41132, stack(0x000000cafa100000,0x000000cafa200000)]
  0x00000298d51273e0 JavaThread "build-36" [_thread_blocked, id=21468, stack(0x000000cafa200000,0x000000cafa300000)]
  0x00000298d5124eb0 JavaThread "build-37" [_thread_blocked, id=16808, stack(0x000000cafa300000,0x000000cafa400000)]
  0x00000298d5125400 JavaThread "build-38" [_thread_blocked, id=20216, stack(0x000000cafa400000,0x000000cafa500000)]
  0x00000298d5127e80 JavaThread "build-39" [_thread_blocked, id=25820, stack(0x000000cafa500000,0x000000cafa600000)]
  0x00000298d5126e90 JavaThread "build-40" [_thread_blocked, id=45212, stack(0x000000cafa600000,0x000000cafa700000)]
  0x00000298d5124960 JavaThread "build-41" [_thread_blocked, id=35140, stack(0x000000cafa700000,0x000000cafa800000)]
  0x00000298d5127930 JavaThread "build-42" [_thread_blocked, id=30920, stack(0x000000cafa800000,0x000000cafa900000)]
  0x00000298d384abe0 JavaThread "build-43" [_thread_blocked, id=9832, stack(0x000000cafa900000,0x000000cafaa00000)]
  0x00000298d43e7db0 JavaThread "build-44" [_thread_blocked, id=40580, stack(0x000000cafaa00000,0x000000cafab00000)]
  0x00000298d43e8300 JavaThread "build-46" [_thread_blocked, id=3676, stack(0x000000cafab00000,0x000000cafac00000)]
  0x00000298d537cba0 JavaThread "build-47" [_thread_blocked, id=36128, stack(0x000000cafac00000,0x000000cafad00000)]
  0x00000298d384a140 JavaThread "build-45" [_thread_blocked, id=12232, stack(0x000000cafad00000,0x000000cafae00000)]
  0x00000298d537d0f0 JavaThread "build-48" [_thread_blocked, id=19620, stack(0x000000cafae00000,0x000000cafaf00000)]
  0x00000298d5495670 JavaThread "build-49" [_thread_blocked, id=41864, stack(0x000000cafaf00000,0x000000cafb000000)]
  0x00000298d5494680 JavaThread "build-50" [_thread_blocked, id=33952, stack(0x000000cafb000000,0x000000cafb100000)]
  0x00000298d5493140 JavaThread "build-51" [_thread_blocked, id=19872, stack(0x000000cafb100000,0x000000cafb200000)]
  0x00000298d5869510 JavaThread "build-52" [_thread_blocked, id=28168, stack(0x000000cafb200000,0x000000cafb300000)]
  0x00000298d5869fb0 JavaThread "build-53" [_thread_blocked, id=19368, stack(0x000000cafb300000,0x000000cafb400000)]
  0x00000298d586a500 JavaThread "build-54" [_thread_blocked, id=20676, stack(0x000000cafb400000,0x000000cafb500000)]
  0x00000298d5868fc0 JavaThread "build-55" [_thread_blocked, id=48948, stack(0x000000cafb500000,0x000000cafb600000)]
  0x00000298d54a3bf0 JavaThread "build-57" [_thread_blocked, id=37580, stack(0x000000cafb600000,0x000000cafb700000)]
  0x00000298d54a4140 JavaThread "build-58" [_thread_blocked, id=31240, stack(0x000000cafb700000,0x000000cafb800000)]
  0x00000298d54a26b0 JavaThread "build-59" [_thread_blocked, id=8524, stack(0x000000cafb800000,0x000000cafb900000)]
  0x00000298d54a2c00 JavaThread "build-60" [_thread_blocked, id=47748, stack(0x000000cafb900000,0x000000cafba00000)]
  0x00000298d54a4690 JavaThread "build-61" [_thread_blocked, id=44092, stack(0x000000cafba00000,0x000000cafbb00000)]
  0x00000298d54a16c0 JavaThread "build-62" [_thread_blocked, id=13744, stack(0x000000cafbb00000,0x000000cafbc00000)]
  0x00000298d5494bd0 JavaThread "build-56" [_thread_blocked, id=16048, stack(0x000000cafbc00000,0x000000cafbd00000)]
  0x00000298cddb2300 JavaThread "C1 CompilerThread1" daemon [_thread_blocked, id=25512, stack(0x000000cafbd00000,0x000000cafbe00000)]
  0x00000298cddb17e0 JavaThread "C1 CompilerThread2" daemon [_thread_blocked, id=32244, stack(0x000000cafbe00000,0x000000cafbf00000)]
  0x00000298cddb1d70 JavaThread "C1 CompilerThread3" daemon [_thread_blocked, id=26876, stack(0x000000cafbf00000,0x000000cafc000000)]

Other Threads:
=>0x00000298c341d1b0 VMThread "VM Thread" [stack: 0x000000caf5600000,0x000000caf5700000] [id=48380]
  0x00000298ca732ce0 WatcherThread "VM Periodic Task Thread" [stack: 0x000000caf6500000,0x000000caf6600000] [id=37164]
  0x00000298aeadd080 WorkerThread "GC Thread#0" [stack: 0x000000caf5100000,0x000000caf5200000] [id=4368]
  0x00000298ca87c0c0 WorkerThread "GC Thread#1" [stack: 0x000000caf6700000,0x000000caf6800000] [id=38776]
  0x00000298ca8803a0 WorkerThread "GC Thread#2" [stack: 0x000000caf6800000,0x000000caf6900000] [id=36040]
  0x00000298ca880e80 WorkerThread "GC Thread#3" [stack: 0x000000caf6900000,0x000000caf6a00000] [id=24648]
  0x00000298ca882e20 WorkerThread "GC Thread#4" [stack: 0x000000caf6a00000,0x000000caf6b00000] [id=46440]
  0x00000298ca8830f0 WorkerThread "GC Thread#5" [stack: 0x000000caf6b00000,0x000000caf6c00000] [id=18440]
  0x00000298ca883f00 WorkerThread "GC Thread#6" [stack: 0x000000caf6c00000,0x000000caf6d00000] [id=19388]
  0x00000298ca8825b0 WorkerThread "GC Thread#7" [stack: 0x000000caf7500000,0x000000caf7600000] [id=11088]
  0x00000298aeb2c010 ConcurrentGCThread "G1 Main Marker" [stack: 0x000000caf5200000,0x000000caf5300000] [id=7716]
  0x00000298aeb2d1e0 WorkerThread "G1 Conc#0" [stack: 0x000000caf5300000,0x000000caf5400000] [id=48328]
  0x00000298cbbdfdc0 WorkerThread "G1 Conc#1" [stack: 0x000000cafd500000,0x000000cafd600000] [id=17048]
  0x00000298c32d3910 ConcurrentGCThread "G1 Refine#0" [stack: 0x000000caf5400000,0x000000caf5500000] [id=21112]
  0x00000298c32d4360 ConcurrentGCThread "G1 Service" [stack: 0x000000caf5500000,0x000000caf5600000] [id=38908]

Threads with active compile tasks:

VM state: at safepoint (normal execution)

VM Mutex/Monitor currently owned by a thread:  ([mutex/lock_event])
[0x00000298aea68110] Threads_lock - owner thread: 0x00000298c341d1b0
[0x00000298aea68e90] Heap_lock - owner thread: 0x00000298d44d3970

Heap address: 0x0000000702000000, size: 4064 MB, Compressed Oops mode: Zero based, Oop shift amount: 3

CDS archive(s) mapped at: [0x0000000800000000-0x0000000800c40000-0x0000000800c40000), size 12845056, SharedBaseAddress: 0x0000000800000000, ArchiveRelocationMode: 0.
Compressed class space mapped at: 0x0000000801000000-0x0000000841000000, reserved size: 1073741824
Narrow klass base: 0x0000000800000000, Narrow klass shift: 0, Narrow klass range: 0x100000000

GC Precious Log:
 CardTable entry size: 512
 Card Set container configuration: InlinePtr #cards 4 size 8 Array Of Cards #cards 16 size 48 Howl #buckets 8 coarsen threshold 3686 Howl Bitmap #cards 512 size 80 coarsen threshold 460 Card regions per heap region 1 cards per card region 4096
 CPUs: 8 total, 8 available
 Memory: 16252M
 Large Page Support: Disabled
 NUMA Support: Disabled
 Compressed Oops: Enabled (Zero based)
 Heap Region Size: 2M
 Heap Min Capacity: 8M
 Heap Initial Capacity: 254M
 Heap Max Capacity: 4064M
 Pre-touch: Disabled
 Parallel Workers: 8
 Concurrent Workers: 2
 Concurrent Refinement Workers: 8
 Periodic GC: Disabled

Heap:
 garbage-first heap   total 622592K, used 180461K [0x0000000702000000, 0x0000000800000000)
  region size 2048K, 2 young (4096K), 2 survivors (4096K)
 Metaspace       used 117392K, committed 119552K, reserved 1179648K
  class space    used 16050K, committed 17152K, reserved 1048576K

Heap Regions: E=young(eden), S=young(survivor), O=old, HS=humongous(starts), HC=humongous(continues), CS=collection set, F=free, OA=open archive, CA=closed archive, TAMS=top-at-mark-start (previous, next)
|   0|0x0000000702000000, 0x0000000702200000, 0x0000000702200000|100%| O|  |TAMS 0x0000000702200000, 0x0000000702200000| Untracked 
|   1|0x0000000702200000, 0x0000000702400000, 0x0000000702400000|100%| O|  |TAMS 0x0000000702400000, 0x0000000702400000| Untracked 
|   2|0x0000000702400000, 0x0000000702600000, 0x0000000702600000|100%| O|  |TAMS 0x0000000702600000, 0x0000000702600000| Untracked 
|   3|0x0000000702600000, 0x0000000702800000, 0x0000000702800000|100%| O|  |TAMS 0x0000000702800000, 0x0000000702800000| Untracked 
|   4|0x0000000702800000, 0x0000000702a00000, 0x0000000702a00000|100%|HS|  |TAMS 0x0000000702a00000, 0x0000000702a00000| Complete 
|   5|0x0000000702a00000, 0x0000000702c00000, 0x0000000702c00000|100%| O|  |TAMS 0x0000000702c00000, 0x0000000702c00000| Untracked 
|   6|0x0000000702c00000, 0x0000000702e00000, 0x0000000702e00000|100%| O|  |TAMS 0x0000000702e00000, 0x0000000702e00000| Untracked 
|   7|0x0000000702e00000, 0x0000000703000000, 0x0000000703000000|100%| O|  |TAMS 0x0000000703000000, 0x0000000703000000| Untracked 
|   8|0x0000000703000000, 0x0000000703200000, 0x0000000703200000|100%| O|  |TAMS 0x0000000703200000, 0x0000000703200000| Untracked 
|   9|0x0000000703200000, 0x0000000703400000, 0x0000000703400000|100%| O|  |TAMS 0x0000000703400000, 0x0000000703400000| Untracked 
|  10|0x0000000703400000, 0x0000000703600000, 0x0000000703600000|100%| O|  |TAMS 0x0000000703600000, 0x0000000703600000| Untracked 
|  11|0x0000000703600000, 0x0000000703800000, 0x0000000703800000|100%| O|  |TAMS 0x0000000703800000, 0x0000000703800000| Untracked 
|  12|0x0000000703800000, 0x0000000703a00000, 0x0000000703a00000|100%| O|  |TAMS 0x0000000703a00000, 0x0000000703a00000| Untracked 
|  13|0x0000000703a00000, 0x0000000703c00000, 0x0000000703c00000|100%| O|  |TAMS 0x0000000703c00000, 0x0000000703c00000| Untracked 
|  14|0x0000000703c00000, 0x0000000703e00000, 0x0000000703e00000|100%| O|  |TAMS 0x0000000703e00000, 0x0000000703e00000| Untracked 
|  15|0x0000000703e00000, 0x0000000704000000, 0x0000000704000000|100%| O|  |TAMS 0x0000000704000000, 0x0000000704000000| Untracked 
|  16|0x0000000704000000, 0x0000000704200000, 0x0000000704200000|100%| O|  |TAMS 0x0000000704200000, 0x0000000704200000| Untracked 
|  17|0x0000000704200000, 0x0000000704400000, 0x0000000704400000|100%| O|  |TAMS 0x0000000704400000, 0x0000000704400000| Untracked 
|  18|0x0000000704400000, 0x0000000704600000, 0x0000000704600000|100%| O|  |TAMS 0x0000000704600000, 0x0000000704600000| Untracked 
|  19|0x0000000704600000, 0x0000000704800000, 0x0000000704800000|100%| O|  |TAMS 0x0000000704800000, 0x0000000704800000| Untracked 
|  20|0x0000000704800000, 0x0000000704a00000, 0x0000000704a00000|100%| O|  |TAMS 0x0000000704a00000, 0x0000000704a00000| Untracked 
|  21|0x0000000704a00000, 0x0000000704c00000, 0x0000000704c00000|100%| O|  |TAMS 0x0000000704a00000, 0x0000000704c00000| Untracked 
|  22|0x0000000704c00000, 0x0000000704e00000, 0x0000000704e00000|100%| O|  |TAMS 0x0000000704e00000, 0x0000000704e00000| Untracked 
|  23|0x0000000704e00000, 0x0000000705000000, 0x0000000705000000|100%| O|  |TAMS 0x0000000705000000, 0x0000000705000000| Untracked 
|  24|0x0000000705000000, 0x0000000705200000, 0x0000000705200000|100%| O|  |TAMS 0x0000000705200000, 0x0000000705200000| Untracked 
|  25|0x0000000705200000, 0x0000000705400000, 0x0000000705400000|100%| O|  |TAMS 0x0000000705400000, 0x0000000705400000| Untracked 
|  26|0x0000000705400000, 0x0000000705600000, 0x0000000705600000|100%| O|  |TAMS 0x0000000705600000, 0x0000000705600000| Untracked 
|  27|0x0000000705600000, 0x0000000705800000, 0x0000000705800000|100%| O|  |TAMS 0x0000000705800000, 0x0000000705800000| Untracked 
|  28|0x0000000705800000, 0x0000000705a00000, 0x0000000705a00000|100%| O|  |TAMS 0x0000000705a00000, 0x0000000705a00000| Untracked 
|  29|0x0000000705a00000, 0x0000000705c00000, 0x0000000705c00000|100%| O|  |TAMS 0x0000000705c00000, 0x0000000705c00000| Untracked 
|  30|0x0000000705c00000, 0x0000000705e00000, 0x0000000705e00000|100%| O|  |TAMS 0x0000000705e00000, 0x0000000705e00000| Untracked 
|  31|0x0000000705e00000, 0x0000000706000000, 0x0000000706000000|100%| O|  |TAMS 0x0000000706000000, 0x0000000706000000| Untracked 
|  32|0x0000000706000000, 0x0000000706200000, 0x0000000706200000|100%| O|  |TAMS 0x0000000706200000, 0x0000000706200000| Untracked 
|  33|0x0000000706200000, 0x0000000706400000, 0x0000000706400000|100%| O|  |TAMS 0x0000000706200000, 0x0000000706400000| Untracked 
|  34|0x0000000706400000, 0x0000000706600000, 0x0000000706600000|100%| O|  |TAMS 0x0000000706600000, 0x0000000706600000| Untracked 
|  35|0x0000000706600000, 0x0000000706800000, 0x0000000706800000|100%| O|  |TAMS 0x0000000706800000, 0x0000000706800000| Untracked 
|  36|0x0000000706800000, 0x0000000706a00000, 0x0000000706a00000|100%| O|  |TAMS 0x0000000706a00000, 0x0000000706a00000| Untracked 
|  37|0x0000000706a00000, 0x0000000706c00000, 0x0000000706c00000|100%| O|  |TAMS 0x0000000706c00000, 0x0000000706c00000| Untracked 
|  38|0x0000000706c00000, 0x0000000706e00000, 0x0000000706e00000|100%| O|  |TAMS 0x0000000706e00000, 0x0000000706e00000| Untracked 
|  39|0x0000000706e00000, 0x0000000707000000, 0x0000000707000000|100%| O|  |TAMS 0x0000000707000000, 0x0000000707000000| Untracked 
|  40|0x0000000707000000, 0x0000000707200000, 0x0000000707200000|100%| O|  |TAMS 0x0000000707200000, 0x0000000707200000| Untracked 
|  41|0x0000000707200000, 0x0000000707400000, 0x0000000707400000|100%| O|  |TAMS 0x0000000707400000, 0x0000000707400000| Untracked 
|  42|0x0000000707400000, 0x0000000707600000, 0x0000000707600000|100%| O|  |TAMS 0x0000000707600000, 0x0000000707600000| Untracked 
|  43|0x0000000707600000, 0x0000000707800000, 0x0000000707800000|100%| O|  |TAMS 0x0000000707800000, 0x0000000707800000| Untracked 
|  44|0x0000000707800000, 0x0000000707a00000, 0x0000000707a00000|100%| O|  |TAMS 0x0000000707a00000, 0x0000000707a00000| Untracked 
|  45|0x0000000707a00000, 0x0000000707c00000, 0x0000000707c00000|100%| O|  |TAMS 0x0000000707c00000, 0x0000000707c00000| Untracked 
|  46|0x0000000707c00000, 0x0000000707e00000, 0x0000000707e00000|100%| O|  |TAMS 0x0000000707e00000, 0x0000000707e00000| Untracked 
|  47|0x0000000707e00000, 0x0000000708000000, 0x0000000708000000|100%| O|  |TAMS 0x0000000707e00000, 0x0000000708000000| Untracked 
|  48|0x0000000708000000, 0x0000000708200000, 0x0000000708200000|100%| O|  |TAMS 0x0000000708200000, 0x0000000708200000| Untracked 
|  49|0x0000000708200000, 0x0000000708400000, 0x0000000708400000|100%| O|  |TAMS 0x0000000708400000, 0x0000000708400000| Untracked 
|  50|0x0000000708400000, 0x0000000708600000, 0x0000000708600000|100%| O|  |TAMS 0x0000000708600000, 0x0000000708600000| Untracked 
|  51|0x0000000708600000, 0x0000000708800000, 0x0000000708800000|100%| O|  |TAMS 0x0000000708800000, 0x0000000708800000| Untracked 
|  52|0x0000000708800000, 0x0000000708a00000, 0x0000000708a00000|100%| O|  |TAMS 0x0000000708a00000, 0x0000000708a00000| Untracked 
|  53|0x0000000708a00000, 0x0000000708c00000, 0x0000000708c00000|100%| O|  |TAMS 0x0000000708c00000, 0x0000000708c00000| Untracked 
|  54|0x0000000708c00000, 0x0000000708e00000, 0x0000000708e00000|100%| O|  |TAMS 0x0000000708c00000, 0x0000000708e00000| Untracked 
|  55|0x0000000708e00000, 0x0000000709000000, 0x0000000709000000|100%| O|  |TAMS 0x0000000708e00000, 0x0000000709000000| Untracked 
|  56|0x0000000709000000, 0x0000000709000000, 0x0000000709200000|  0%| F|  |TAMS 0x0000000709000000, 0x0000000709000000| Untracked 
|  57|0x0000000709200000, 0x0000000709400000, 0x0000000709400000|100%| O|  |TAMS 0x0000000709200000, 0x0000000709400000| Untracked 
|  58|0x0000000709400000, 0x0000000709600000, 0x0000000709600000|100%| O|  |TAMS 0x0000000709400000, 0x0000000709600000| Untracked 
|  59|0x0000000709600000, 0x0000000709800000, 0x0000000709800000|100%| O|  |TAMS 0x0000000709600000, 0x0000000709800000| Untracked 
|  60|0x0000000709800000, 0x0000000709a00000, 0x0000000709a00000|100%| O|  |TAMS 0x0000000709800000, 0x0000000709a00000| Untracked 
|  61|0x0000000709a00000, 0x0000000709c00000, 0x0000000709c00000|100%| O|  |TAMS 0x0000000709a00000, 0x0000000709c00000| Untracked 
|  62|0x0000000709c00000, 0x0000000709e00000, 0x0000000709e00000|100%| O|  |TAMS 0x0000000709c00000, 0x0000000709e00000| Untracked 
|  63|0x0000000709e00000, 0x000000070a000000, 0x000000070a000000|100%| O|  |TAMS 0x000000070a000000, 0x000000070a000000| Untracked 
|  64|0x000000070a000000, 0x000000070a200000, 0x000000070a200000|100%| O|  |TAMS 0x000000070a200000, 0x000000070a200000| Untracked 
|  65|0x000000070a200000, 0x000000070a400000, 0x000000070a400000|100%| O|  |TAMS 0x000000070a400000, 0x000000070a400000| Untracked 
|  66|0x000000070a400000, 0x000000070a600000, 0x000000070a600000|100%| O|  |TAMS 0x000000070a600000, 0x000000070a600000| Untracked 
|  67|0x000000070a600000, 0x000000070a800000, 0x000000070a800000|100%|HS|  |TAMS 0x000000070a800000, 0x000000070a800000| Complete 
|  68|0x000000070a800000, 0x000000070aa00000, 0x000000070aa00000|100%| O|  |TAMS 0x000000070a800000, 0x000000070aa00000| Untracked 
|  69|0x000000070aa00000, 0x000000070ac00000, 0x000000070ac00000|100%| O|  |TAMS 0x000000070ac00000, 0x000000070ac00000| Untracked 
|  70|0x000000070ac00000, 0x000000070ac00000, 0x000000070ae00000|  0%| F|  |TAMS 0x000000070ac00000, 0x000000070ac00000| Untracked 
|  71|0x000000070ae00000, 0x000000070ae00000, 0x000000070b000000|  0%| F|  |TAMS 0x000000070ae00000, 0x000000070ae00000| Untracked 
|  72|0x000000070b000000, 0x000000070b000000, 0x000000070b200000|  0%| F|  |TAMS 0x000000070b000000, 0x000000070b000000| Untracked 
|  73|0x000000070b200000, 0x000000070b400000, 0x000000070b400000|100%| O|  |TAMS 0x000000070b400000, 0x000000070b400000| Untracked 
|  74|0x000000070b400000, 0x000000070b400000, 0x000000070b600000|  0%| F|  |TAMS 0x000000070b400000, 0x000000070b400000| Untracked 
|  75|0x000000070b600000, 0x000000070b800000, 0x000000070b800000|100%| O|  |TAMS 0x000000070b600000, 0x000000070b800000| Untracked 
|  76|0x000000070b800000, 0x000000070b84c800, 0x000000070ba00000| 14%| O|  |TAMS 0x000000070b800000, 0x000000070b84c800| Untracked 
|  77|0x000000070ba00000, 0x000000070bc00000, 0x000000070bc00000|100%| O|  |TAMS 0x000000070bc00000, 0x000000070bc00000| Untracked 
|  78|0x000000070bc00000, 0x000000070be00000, 0x000000070be00000|100%| O|  |TAMS 0x000000070be00000, 0x000000070be00000| Untracked 
|  79|0x000000070be00000, 0x000000070c000000, 0x000000070c000000|100%| O|  |TAMS 0x000000070c000000, 0x000000070c000000| Untracked 
|  80|0x000000070c000000, 0x000000070c000000, 0x000000070c200000|  0%| F|  |TAMS 0x000000070c000000, 0x000000070c000000| Untracked 
|  81|0x000000070c200000, 0x000000070c200000, 0x000000070c400000|  0%| F|  |TAMS 0x000000070c200000, 0x000000070c200000| Untracked 
|  82|0x000000070c400000, 0x000000070c400000, 0x000000070c600000|  0%| F|  |TAMS 0x000000070c400000, 0x000000070c400000| Untracked 
|  83|0x000000070c600000, 0x000000070c600000, 0x000000070c800000|  0%| F|  |TAMS 0x000000070c600000, 0x000000070c600000| Untracked 
|  84|0x000000070c800000, 0x000000070c800000, 0x000000070ca00000|  0%| F|  |TAMS 0x000000070c800000, 0x000000070c800000| Untracked 
|  85|0x000000070ca00000, 0x000000070cc00000, 0x000000070cc00000|100%| O|  |TAMS 0x000000070cc00000, 0x000000070cc00000| Untracked 
|  86|0x000000070cc00000, 0x000000070ce00000, 0x000000070ce00000|100%| O|  |TAMS 0x000000070ce00000, 0x000000070ce00000| Untracked 
|  87|0x000000070ce00000, 0x000000070d000000, 0x000000070d000000|100%| O|  |TAMS 0x000000070d000000, 0x000000070d000000| Untracked 
|  88|0x000000070d000000, 0x000000070d200000, 0x000000070d200000|100%| O|  |TAMS 0x000000070d0f3800, 0x000000070d200000| Untracked 
|  89|0x000000070d200000, 0x000000070d200000, 0x000000070d400000|  0%| F|  |TAMS 0x000000070d200000, 0x000000070d200000| Untracked 
|  90|0x000000070d400000, 0x000000070d400000, 0x000000070d600000|  0%| F|  |TAMS 0x000000070d400000, 0x000000070d400000| Untracked 
|  91|0x000000070d600000, 0x000000070d600000, 0x000000070d800000|  0%| F|  |TAMS 0x000000070d600000, 0x000000070d600000| Untracked 
|  92|0x000000070d800000, 0x000000070d800000, 0x000000070da00000|  0%| F|  |TAMS 0x000000070d800000, 0x000000070d800000| Untracked 
|  93|0x000000070da00000, 0x000000070da00000, 0x000000070dc00000|  0%| F|  |TAMS 0x000000070da00000, 0x000000070da00000| Untracked 
|  94|0x000000070dc00000, 0x000000070dc00000, 0x000000070de00000|  0%| F|  |TAMS 0x000000070dc00000, 0x000000070dc00000| Untracked 
|  95|0x000000070de00000, 0x000000070de00000, 0x000000070e000000|  0%| F|  |TAMS 0x000000070de00000, 0x000000070de00000| Untracked 
|  96|0x000000070e000000, 0x000000070e000000, 0x000000070e200000|  0%| F|  |TAMS 0x000000070e000000, 0x000000070e000000| Untracked 
|  97|0x000000070e200000, 0x000000070e200000, 0x000000070e400000|  0%| F|  |TAMS 0x000000070e200000, 0x000000070e200000| Untracked 
|  98|0x000000070e400000, 0x000000070e400000, 0x000000070e600000|  0%| F|  |TAMS 0x000000070e400000, 0x000000070e400000| Untracked 
|  99|0x000000070e600000, 0x000000070e600000, 0x000000070e800000|  0%| F|  |TAMS 0x000000070e600000, 0x000000070e600000| Untracked 
| 100|0x000000070e800000, 0x000000070e800000, 0x000000070ea00000|  0%| F|  |TAMS 0x000000070e800000, 0x000000070e800000| Untracked 
| 101|0x000000070ea00000, 0x000000070ea00000, 0x000000070ec00000|  0%| F|  |TAMS 0x000000070ea00000, 0x000000070ea00000| Untracked 
| 102|0x000000070ec00000, 0x000000070ec00000, 0x000000070ee00000|  0%| F|  |TAMS 0x000000070ec00000, 0x000000070ec00000| Untracked 
| 103|0x000000070ee00000, 0x000000070ee00000, 0x000000070f000000|  0%| F|  |TAMS 0x000000070ee00000, 0x000000070ee00000| Untracked 
| 104|0x000000070f000000, 0x000000070f000000, 0x000000070f200000|  0%| F|  |TAMS 0x000000070f000000, 0x000000070f000000| Untracked 
| 105|0x000000070f200000, 0x000000070f400000, 0x000000070f400000|100%| O|  |TAMS 0x000000070f400000, 0x000000070f400000| Untracked 
| 106|0x000000070f400000, 0x000000070f400000, 0x000000070f600000|  0%| F|  |TAMS 0x000000070f400000, 0x000000070f400000| Untracked 
| 107|0x000000070f600000, 0x000000070f600000, 0x000000070f800000|  0%| F|  |TAMS 0x000000070f600000, 0x000000070f600000| Untracked 
| 108|0x000000070f800000, 0x000000070f800000, 0x000000070fa00000|  0%| F|  |TAMS 0x000000070f800000, 0x000000070f800000| Untracked 
| 109|0x000000070fa00000, 0x000000070fa00000, 0x000000070fc00000|  0%| F|  |TAMS 0x000000070fa00000, 0x000000070fa00000| Untracked 
| 110|0x000000070fc00000, 0x000000070fc00000, 0x000000070fe00000|  0%| F|  |TAMS 0x000000070fc00000, 0x000000070fc00000| Untracked 
| 111|0x000000070fe00000, 0x000000070fe00000, 0x0000000710000000|  0%| F|  |TAMS 0x000000070fe00000, 0x000000070fe00000| Untracked 
| 112|0x0000000710000000, 0x0000000710000000, 0x0000000710200000|  0%| F|  |TAMS 0x0000000710000000, 0x0000000710000000| Untracked 
| 113|0x0000000710200000, 0x0000000710200000, 0x0000000710400000|  0%| F|  |TAMS 0x0000000710200000, 0x0000000710200000| Untracked 
| 114|0x0000000710400000, 0x0000000710400000, 0x0000000710600000|  0%| F|  |TAMS 0x0000000710400000, 0x0000000710400000| Untracked 
| 115|0x0000000710600000, 0x0000000710600000, 0x0000000710800000|  0%| F|  |TAMS 0x0000000710600000, 0x0000000710600000| Untracked 
| 116|0x0000000710800000, 0x0000000710800000, 0x0000000710a00000|  0%| F|  |TAMS 0x0000000710800000, 0x0000000710800000| Untracked 
| 117|0x0000000710a00000, 0x0000000710a00000, 0x0000000710c00000|  0%| F|  |TAMS 0x0000000710a00000, 0x0000000710a00000| Untracked 
| 118|0x0000000710c00000, 0x0000000710c00000, 0x0000000710e00000|  0%| F|  |TAMS 0x0000000710c00000, 0x0000000710c00000| Untracked 
| 119|0x0000000710e00000, 0x0000000710e00000, 0x0000000711000000|  0%| F|  |TAMS 0x0000000710e00000, 0x0000000710e00000| Untracked 
| 120|0x0000000711000000, 0x0000000711000000, 0x0000000711200000|  0%| F|  |TAMS 0x0000000711000000, 0x0000000711000000| Untracked 
| 121|0x0000000711200000, 0x0000000711200000, 0x0000000711400000|  0%| F|  |TAMS 0x0000000711200000, 0x0000000711200000| Untracked 
| 122|0x0000000711400000, 0x0000000711400000, 0x0000000711600000|  0%| F|  |TAMS 0x0000000711400000, 0x0000000711400000| Untracked 
| 123|0x0000000711600000, 0x0000000711600000, 0x0000000711800000|  0%| F|  |TAMS 0x0000000711600000, 0x0000000711600000| Untracked 
| 124|0x0000000711800000, 0x0000000711800000, 0x0000000711a00000|  0%| F|  |TAMS 0x0000000711800000, 0x0000000711800000| Untracked 
| 125|0x0000000711a00000, 0x0000000711a00000, 0x0000000711c00000|  0%| F|  |TAMS 0x0000000711a00000, 0x0000000711a00000| Untracked 
| 126|0x0000000711c00000, 0x0000000711c00000, 0x0000000711e00000|  0%| F|  |TAMS 0x0000000711c00000, 0x0000000711c00000| Untracked 
| 127|0x0000000711e00000, 0x0000000711e00000, 0x0000000712000000|  0%| F|  |TAMS 0x0000000711e00000, 0x0000000711e00000| Untracked 
| 128|0x0000000712000000, 0x0000000712000000, 0x0000000712200000|  0%| F|  |TAMS 0x0000000712000000, 0x0000000712000000| Untracked 
| 129|0x0000000712200000, 0x0000000712200000, 0x0000000712400000|  0%| F|  |TAMS 0x0000000712200000, 0x0000000712200000| Untracked 
| 130|0x0000000712400000, 0x0000000712400000, 0x0000000712600000|  0%| F|  |TAMS 0x0000000712400000, 0x0000000712400000| Untracked 
| 131|0x0000000712600000, 0x0000000712600000, 0x0000000712800000|  0%| F|  |TAMS 0x0000000712600000, 0x0000000712600000| Untracked 
| 132|0x0000000712800000, 0x0000000712800000, 0x0000000712a00000|  0%| F|  |TAMS 0x0000000712800000, 0x0000000712800000| Untracked 
| 133|0x0000000712a00000, 0x0000000712a00000, 0x0000000712c00000|  0%| F|  |TAMS 0x0000000712a00000, 0x0000000712a00000| Untracked 
| 134|0x0000000712c00000, 0x0000000712c00000, 0x0000000712e00000|  0%| F|  |TAMS 0x0000000712c00000, 0x0000000712c00000| Untracked 
| 135|0x0000000712e00000, 0x0000000712e00000, 0x0000000713000000|  0%| F|  |TAMS 0x0000000712e00000, 0x0000000712e00000| Untracked 
| 136|0x0000000713000000, 0x0000000713000000, 0x0000000713200000|  0%| F|  |TAMS 0x0000000713000000, 0x0000000713000000| Untracked 
| 137|0x0000000713200000, 0x0000000713200000, 0x0000000713400000|  0%| F|  |TAMS 0x0000000713200000, 0x0000000713200000| Untracked 
| 138|0x0000000713400000, 0x0000000713400000, 0x0000000713600000|  0%| F|  |TAMS 0x0000000713400000, 0x0000000713400000| Untracked 
| 139|0x0000000713600000, 0x0000000713600000, 0x0000000713800000|  0%| F|  |TAMS 0x0000000713600000, 0x0000000713600000| Untracked 
| 140|0x0000000713800000, 0x0000000713800000, 0x0000000713a00000|  0%| F|  |TAMS 0x0000000713800000, 0x0000000713800000| Untracked 
| 141|0x0000000713a00000, 0x0000000713a00000, 0x0000000713c00000|  0%| F|  |TAMS 0x0000000713a00000, 0x0000000713a00000| Untracked 
| 142|0x0000000713c00000, 0x0000000713c00000, 0x0000000713e00000|  0%| F|  |TAMS 0x0000000713c00000, 0x0000000713c00000| Untracked 
| 143|0x0000000713e00000, 0x0000000713e00000, 0x0000000714000000|  0%| F|  |TAMS 0x0000000713e00000, 0x0000000713e00000| Untracked 
| 144|0x0000000714000000, 0x0000000714000000, 0x0000000714200000|  0%| F|  |TAMS 0x0000000714000000, 0x0000000714000000| Untracked 
| 145|0x0000000714200000, 0x0000000714200000, 0x0000000714400000|  0%| F|  |TAMS 0x0000000714200000, 0x0000000714200000| Untracked 
| 146|0x0000000714400000, 0x0000000714400000, 0x0000000714600000|  0%| F|  |TAMS 0x0000000714400000, 0x0000000714400000| Untracked 
| 147|0x0000000714600000, 0x0000000714600000, 0x0000000714800000|  0%| F|  |TAMS 0x0000000714600000, 0x0000000714600000| Untracked 
| 148|0x0000000714800000, 0x0000000714800000, 0x0000000714a00000|  0%| F|  |TAMS 0x0000000714800000, 0x0000000714800000| Untracked 
| 149|0x0000000714a00000, 0x0000000714a00000, 0x0000000714c00000|  0%| F|  |TAMS 0x0000000714a00000, 0x0000000714a00000| Untracked 
| 150|0x0000000714c00000, 0x0000000714c00000, 0x0000000714e00000|  0%| F|  |TAMS 0x0000000714c00000, 0x0000000714c00000| Untracked 
| 151|0x0000000714e00000, 0x0000000714e00000, 0x0000000715000000|  0%| F|  |TAMS 0x0000000714e00000, 0x0000000714e00000| Untracked 
| 152|0x0000000715000000, 0x0000000715000000, 0x0000000715200000|  0%| F|  |TAMS 0x0000000715000000, 0x0000000715000000| Untracked 
| 153|0x0000000715200000, 0x0000000715200000, 0x0000000715400000|  0%| F|  |TAMS 0x0000000715200000, 0x0000000715200000| Untracked 
| 154|0x0000000715400000, 0x0000000715400000, 0x0000000715600000|  0%| F|  |TAMS 0x0000000715400000, 0x0000000715400000| Untracked 
| 155|0x0000000715600000, 0x0000000715600000, 0x0000000715800000|  0%| F|  |TAMS 0x0000000715600000, 0x0000000715600000| Untracked 
| 156|0x0000000715800000, 0x0000000715800000, 0x0000000715a00000|  0%| F|  |TAMS 0x0000000715800000, 0x0000000715800000| Untracked 
| 157|0x0000000715a00000, 0x0000000715a00000, 0x0000000715c00000|  0%| F|  |TAMS 0x0000000715a00000, 0x0000000715a00000| Untracked 
| 158|0x0000000715c00000, 0x0000000715c00000, 0x0000000715e00000|  0%| F|  |TAMS 0x0000000715c00000, 0x0000000715c00000| Untracked 
| 159|0x0000000715e00000, 0x0000000715e00000, 0x0000000716000000|  0%| F|  |TAMS 0x0000000715e00000, 0x0000000715e00000| Untracked 
| 160|0x0000000716000000, 0x0000000716000000, 0x0000000716200000|  0%| F|  |TAMS 0x0000000716000000, 0x0000000716000000| Untracked 
| 161|0x0000000716200000, 0x0000000716200000, 0x0000000716400000|  0%| F|  |TAMS 0x0000000716200000, 0x0000000716200000| Untracked 
| 162|0x0000000716400000, 0x0000000716400000, 0x0000000716600000|  0%| F|  |TAMS 0x0000000716400000, 0x0000000716400000| Untracked 
| 163|0x0000000716600000, 0x0000000716600000, 0x0000000716800000|  0%| F|  |TAMS 0x0000000716600000, 0x0000000716600000| Untracked 
| 164|0x0000000716800000, 0x0000000716800000, 0x0000000716a00000|  0%| F|  |TAMS 0x0000000716800000, 0x0000000716800000| Untracked 
| 165|0x0000000716a00000, 0x0000000716a00000, 0x0000000716c00000|  0%| F|  |TAMS 0x0000000716a00000, 0x0000000716a00000| Untracked 
| 166|0x0000000716c00000, 0x0000000716c00000, 0x0000000716e00000|  0%| F|  |TAMS 0x0000000716c00000, 0x0000000716c00000| Untracked 
| 167|0x0000000716e00000, 0x0000000716e00000, 0x0000000717000000|  0%| F|  |TAMS 0x0000000716e00000, 0x0000000716e00000| Untracked 
| 168|0x0000000717000000, 0x0000000717000000, 0x0000000717200000|  0%| F|  |TAMS 0x0000000717000000, 0x0000000717000000| Untracked 
| 169|0x0000000717200000, 0x0000000717200000, 0x0000000717400000|  0%| F|  |TAMS 0x0000000717200000, 0x0000000717200000| Untracked 
| 170|0x0000000717400000, 0x0000000717400000, 0x0000000717600000|  0%| F|  |TAMS 0x0000000717400000, 0x0000000717400000| Untracked 
| 171|0x0000000717600000, 0x0000000717600000, 0x0000000717800000|  0%| F|  |TAMS 0x0000000717600000, 0x0000000717600000| Untracked 
| 172|0x0000000717800000, 0x0000000717800000, 0x0000000717a00000|  0%| F|  |TAMS 0x0000000717800000, 0x0000000717800000| Untracked 
| 173|0x0000000717a00000, 0x0000000717a00000, 0x0000000717c00000|  0%| F|  |TAMS 0x0000000717a00000, 0x0000000717a00000| Untracked 
| 174|0x0000000717c00000, 0x0000000717c00000, 0x0000000717e00000|  0%| F|  |TAMS 0x0000000717c00000, 0x0000000717c00000| Untracked 
| 175|0x0000000717e00000, 0x0000000717e00000, 0x0000000718000000|  0%| F|  |TAMS 0x0000000717e00000, 0x0000000717e00000| Untracked 
| 176|0x0000000718000000, 0x0000000718000000, 0x0000000718200000|  0%| F|  |TAMS 0x0000000718000000, 0x0000000718000000| Untracked 
| 177|0x0000000718200000, 0x0000000718200000, 0x0000000718400000|  0%| F|  |TAMS 0x0000000718200000, 0x0000000718200000| Untracked 
| 178|0x0000000718400000, 0x0000000718400000, 0x0000000718600000|  0%| F|  |TAMS 0x0000000718400000, 0x0000000718400000| Untracked 
| 179|0x0000000718600000, 0x0000000718600000, 0x0000000718800000|  0%| F|  |TAMS 0x0000000718600000, 0x0000000718600000| Untracked 
| 180|0x0000000718800000, 0x0000000718800000, 0x0000000718a00000|  0%| F|  |TAMS 0x0000000718800000, 0x0000000718800000| Untracked 
| 181|0x0000000718a00000, 0x0000000718a00000, 0x0000000718c00000|  0%| F|  |TAMS 0x0000000718a00000, 0x0000000718a00000| Untracked 
| 182|0x0000000718c00000, 0x0000000718c00000, 0x0000000718e00000|  0%| F|  |TAMS 0x0000000718c00000, 0x0000000718c00000| Untracked 
| 183|0x0000000718e00000, 0x0000000718e00000, 0x0000000719000000|  0%| F|  |TAMS 0x0000000718e00000, 0x0000000718e00000| Untracked 
| 184|0x0000000719000000, 0x0000000719000000, 0x0000000719200000|  0%| F|  |TAMS 0x0000000719000000, 0x0000000719000000| Untracked 
| 185|0x0000000719200000, 0x0000000719200000, 0x0000000719400000|  0%| F|  |TAMS 0x0000000719200000, 0x0000000719200000| Untracked 
| 186|0x0000000719400000, 0x0000000719400000, 0x0000000719600000|  0%| F|  |TAMS 0x0000000719400000, 0x0000000719400000| Untracked 
| 187|0x0000000719600000, 0x0000000719600000, 0x0000000719800000|  0%| F|  |TAMS 0x0000000719600000, 0x0000000719600000| Untracked 
| 188|0x0000000719800000, 0x0000000719800000, 0x0000000719a00000|  0%| F|  |TAMS 0x0000000719800000, 0x0000000719800000| Untracked 
| 189|0x0000000719a00000, 0x0000000719a00000, 0x0000000719c00000|  0%| F|  |TAMS 0x0000000719a00000, 0x0000000719a00000| Untracked 
| 190|0x0000000719c00000, 0x0000000719c00000, 0x0000000719e00000|  0%| F|  |TAMS 0x0000000719c00000, 0x0000000719c00000| Untracked 
| 191|0x0000000719e00000, 0x0000000719e00000, 0x000000071a000000|  0%| F|  |TAMS 0x0000000719e00000, 0x0000000719e00000| Untracked 
| 192|0x000000071a000000, 0x000000071a000000, 0x000000071a200000|  0%| F|  |TAMS 0x000000071a000000, 0x000000071a000000| Untracked 
| 193|0x000000071a200000, 0x000000071a200000, 0x000000071a400000|  0%| F|  |TAMS 0x000000071a200000, 0x000000071a200000| Untracked 
| 194|0x000000071a400000, 0x000000071a400000, 0x000000071a600000|  0%| F|  |TAMS 0x000000071a400000, 0x000000071a400000| Untracked 
| 195|0x000000071a600000, 0x000000071a600000, 0x000000071a800000|  0%| F|  |TAMS 0x000000071a600000, 0x000000071a600000| Untracked 
| 196|0x000000071a800000, 0x000000071a800000, 0x000000071aa00000|  0%| F|  |TAMS 0x000000071a800000, 0x000000071a800000| Untracked 
| 197|0x000000071aa00000, 0x000000071aa00000, 0x000000071ac00000|  0%| F|  |TAMS 0x000000071aa00000, 0x000000071aa00000| Untracked 
| 198|0x000000071ac00000, 0x000000071ac00000, 0x000000071ae00000|  0%| F|  |TAMS 0x000000071ac00000, 0x000000071ac00000| Untracked 
| 199|0x000000071ae00000, 0x000000071ae00000, 0x000000071b000000|  0%| F|  |TAMS 0x000000071ae00000, 0x000000071ae00000| Untracked 
| 200|0x000000071b000000, 0x000000071b000000, 0x000000071b200000|  0%| F|  |TAMS 0x000000071b000000, 0x000000071b000000| Untracked 
| 201|0x000000071b200000, 0x000000071b200000, 0x000000071b400000|  0%| F|  |TAMS 0x000000071b200000, 0x000000071b200000| Untracked 
| 202|0x000000071b400000, 0x000000071b400000, 0x000000071b600000|  0%| F|  |TAMS 0x000000071b400000, 0x000000071b400000| Untracked 
| 203|0x000000071b600000, 0x000000071b600000, 0x000000071b800000|  0%| F|  |TAMS 0x000000071b600000, 0x000000071b600000| Untracked 
| 204|0x000000071b800000, 0x000000071b800000, 0x000000071ba00000|  0%| F|  |TAMS 0x000000071b800000, 0x000000071b800000| Untracked 
| 205|0x000000071ba00000, 0x000000071ba00000, 0x000000071bc00000|  0%| F|  |TAMS 0x000000071ba00000, 0x000000071ba00000| Untracked 
| 206|0x000000071bc00000, 0x000000071bc00000, 0x000000071be00000|  0%| F|  |TAMS 0x000000071bc00000, 0x000000071bc00000| Untracked 
| 207|0x000000071be00000, 0x000000071be00000, 0x000000071c000000|  0%| F|  |TAMS 0x000000071be00000, 0x000000071be00000| Untracked 
| 208|0x000000071c000000, 0x000000071c000000, 0x000000071c200000|  0%| F|  |TAMS 0x000000071c000000, 0x000000071c000000| Untracked 
| 209|0x000000071c200000, 0x000000071c200000, 0x000000071c400000|  0%| F|  |TAMS 0x000000071c200000, 0x000000071c200000| Untracked 
| 210|0x000000071c400000, 0x000000071c400000, 0x000000071c600000|  0%| F|  |TAMS 0x000000071c400000, 0x000000071c400000| Untracked 
| 211|0x000000071c600000, 0x000000071c600000, 0x000000071c800000|  0%| F|  |TAMS 0x000000071c600000, 0x000000071c600000| Untracked 
| 212|0x000000071c800000, 0x000000071c800000, 0x000000071ca00000|  0%| F|  |TAMS 0x000000071c800000, 0x000000071c800000| Untracked 
| 213|0x000000071ca00000, 0x000000071ca00000, 0x000000071cc00000|  0%| F|  |TAMS 0x000000071ca00000, 0x000000071ca00000| Untracked 
| 214|0x000000071cc00000, 0x000000071cc00000, 0x000000071ce00000|  0%| F|  |TAMS 0x000000071cc00000, 0x000000071cc00000| Untracked 
| 215|0x000000071ce00000, 0x000000071ce00000, 0x000000071d000000|  0%| F|  |TAMS 0x000000071ce00000, 0x000000071ce00000| Untracked 
| 216|0x000000071d000000, 0x000000071d000000, 0x000000071d200000|  0%| F|  |TAMS 0x000000071d000000, 0x000000071d000000| Untracked 
| 217|0x000000071d200000, 0x000000071d200000, 0x000000071d400000|  0%| F|  |TAMS 0x000000071d200000, 0x000000071d200000| Untracked 
| 218|0x000000071d400000, 0x000000071d400000, 0x000000071d600000|  0%| F|  |TAMS 0x000000071d400000, 0x000000071d400000| Untracked 
| 219|0x000000071d600000, 0x000000071d600000, 0x000000071d800000|  0%| F|  |TAMS 0x000000071d600000, 0x000000071d600000| Untracked 
| 220|0x000000071d800000, 0x000000071d800000, 0x000000071da00000|  0%| F|  |TAMS 0x000000071d800000, 0x000000071d800000| Untracked 
| 221|0x000000071da00000, 0x000000071da00000, 0x000000071dc00000|  0%| F|  |TAMS 0x000000071da00000, 0x000000071da00000| Untracked 
| 222|0x000000071dc00000, 0x000000071dc00000, 0x000000071de00000|  0%| F|  |TAMS 0x000000071dc00000, 0x000000071dc00000| Untracked 
| 223|0x000000071de00000, 0x000000071de00000, 0x000000071e000000|  0%| F|  |TAMS 0x000000071de00000, 0x000000071de00000| Untracked 
| 224|0x000000071e000000, 0x000000071e000000, 0x000000071e200000|  0%| F|  |TAMS 0x000000071e000000, 0x000000071e000000| Untracked 
| 225|0x000000071e200000, 0x000000071e200000, 0x000000071e400000|  0%| F|  |TAMS 0x000000071e200000, 0x000000071e200000| Untracked 
| 226|0x000000071e400000, 0x000000071e400000, 0x000000071e600000|  0%| F|  |TAMS 0x000000071e400000, 0x000000071e400000| Untracked 
| 227|0x000000071e600000, 0x000000071e600000, 0x000000071e800000|  0%| F|  |TAMS 0x000000071e600000, 0x000000071e600000| Untracked 
| 228|0x000000071e800000, 0x000000071e800000, 0x000000071ea00000|  0%| F|  |TAMS 0x000000071e800000, 0x000000071e800000| Untracked 
| 229|0x000000071ea00000, 0x000000071ea00000, 0x000000071ec00000|  0%| F|  |TAMS 0x000000071ea00000, 0x000000071ea00000| Untracked 
| 230|0x000000071ec00000, 0x000000071ec00000, 0x000000071ee00000|  0%| F|  |TAMS 0x000000071ec00000, 0x000000071ec00000| Untracked 
| 231|0x000000071ee00000, 0x000000071ee00000, 0x000000071f000000|  0%| F|  |TAMS 0x000000071ee00000, 0x000000071ee00000| Untracked 
| 232|0x000000071f000000, 0x000000071f000000, 0x000000071f200000|  0%| F|  |TAMS 0x000000071f000000, 0x000000071f000000| Untracked 
| 233|0x000000071f200000, 0x000000071f200000, 0x000000071f400000|  0%| F|  |TAMS 0x000000071f200000, 0x000000071f200000| Untracked 
| 234|0x000000071f400000, 0x000000071f400000, 0x000000071f600000|  0%| F|  |TAMS 0x000000071f400000, 0x000000071f400000| Untracked 
| 235|0x000000071f600000, 0x000000071f600000, 0x000000071f800000|  0%| F|  |TAMS 0x000000071f600000, 0x000000071f600000| Untracked 
| 236|0x000000071f800000, 0x000000071f800000, 0x000000071fa00000|  0%| F|  |TAMS 0x000000071f800000, 0x000000071f800000| Untracked 
| 237|0x000000071fa00000, 0x000000071fa00000, 0x000000071fc00000|  0%| F|  |TAMS 0x000000071fa00000, 0x000000071fa00000| Untracked 
| 238|0x000000071fc00000, 0x000000071fc00000, 0x000000071fe00000|  0%| F|  |TAMS 0x000000071fc00000, 0x000000071fc00000| Untracked 
| 239|0x000000071fe00000, 0x000000071fe00000, 0x0000000720000000|  0%| F|  |TAMS 0x000000071fe00000, 0x000000071fe00000| Untracked 
| 240|0x0000000720000000, 0x0000000720000000, 0x0000000720200000|  0%| F|  |TAMS 0x0000000720000000, 0x0000000720000000| Untracked 
| 241|0x0000000720200000, 0x0000000720200000, 0x0000000720400000|  0%| F|  |TAMS 0x0000000720200000, 0x0000000720200000| Untracked 
| 242|0x0000000720400000, 0x0000000720400000, 0x0000000720600000|  0%| F|  |TAMS 0x0000000720400000, 0x0000000720400000| Untracked 
| 243|0x0000000720600000, 0x0000000720600000, 0x0000000720800000|  0%| F|  |TAMS 0x0000000720600000, 0x0000000720600000| Untracked 
| 244|0x0000000720800000, 0x0000000720800000, 0x0000000720a00000|  0%| F|  |TAMS 0x0000000720800000, 0x0000000720800000| Untracked 
| 245|0x0000000720a00000, 0x0000000720a00000, 0x0000000720c00000|  0%| F|  |TAMS 0x0000000720a00000, 0x0000000720a00000| Untracked 
| 246|0x0000000720c00000, 0x0000000720c00000, 0x0000000720e00000|  0%| F|  |TAMS 0x0000000720c00000, 0x0000000720c00000| Untracked 
| 247|0x0000000720e00000, 0x0000000720e00000, 0x0000000721000000|  0%| F|  |TAMS 0x0000000720e00000, 0x0000000720e00000| Untracked 
| 248|0x0000000721000000, 0x0000000721000000, 0x0000000721200000|  0%| F|  |TAMS 0x0000000721000000, 0x0000000721000000| Untracked 
| 249|0x0000000721200000, 0x0000000721200000, 0x0000000721400000|  0%| F|  |TAMS 0x0000000721200000, 0x0000000721200000| Untracked 
| 250|0x0000000721400000, 0x00000007215eec38, 0x0000000721600000| 96%| S|CS|TAMS 0x0000000721400000, 0x0000000721400000| Complete 
| 251|0x0000000721600000, 0x0000000721800000, 0x0000000721800000|100%| S|CS|TAMS 0x0000000721600000, 0x0000000721600000| Complete 
| 252|0x0000000721800000, 0x0000000721800000, 0x0000000721a00000|  0%| F|  |TAMS 0x0000000721800000, 0x0000000721800000| Untracked 
| 253|0x0000000721a00000, 0x0000000721a00000, 0x0000000721c00000|  0%| F|  |TAMS 0x0000000721a00000, 0x0000000721a00000| Untracked 
| 254|0x0000000721c00000, 0x0000000721c00000, 0x0000000721e00000|  0%| F|  |TAMS 0x0000000721c00000, 0x0000000721c00000| Untracked 
| 255|0x0000000721e00000, 0x0000000721e00000, 0x0000000722000000|  0%| F|  |TAMS 0x0000000721e00000, 0x0000000721e00000| Untracked 
| 256|0x0000000722000000, 0x0000000722000000, 0x0000000722200000|  0%| F|  |TAMS 0x0000000722000000, 0x0000000722000000| Untracked 
| 257|0x0000000722200000, 0x0000000722200000, 0x0000000722400000|  0%| F|  |TAMS 0x0000000722200000, 0x0000000722200000| Untracked 
| 258|0x0000000722400000, 0x0000000722400000, 0x0000000722600000|  0%| F|  |TAMS 0x0000000722400000, 0x0000000722400000| Untracked 
| 259|0x0000000722600000, 0x0000000722600000, 0x0000000722800000|  0%| F|  |TAMS 0x0000000722600000, 0x0000000722600000| Untracked 
| 260|0x0000000722800000, 0x0000000722800000, 0x0000000722a00000|  0%| F|  |TAMS 0x0000000722800000, 0x0000000722800000| Untracked 
| 261|0x0000000722a00000, 0x0000000722a00000, 0x0000000722c00000|  0%| F|  |TAMS 0x0000000722a00000, 0x0000000722a00000| Untracked 
| 262|0x0000000722c00000, 0x0000000722c00000, 0x0000000722e00000|  0%| F|  |TAMS 0x0000000722c00000, 0x0000000722c00000| Untracked 
| 263|0x0000000722e00000, 0x0000000722e00000, 0x0000000723000000|  0%| F|  |TAMS 0x0000000722e00000, 0x0000000722e00000| Untracked 
| 264|0x0000000723000000, 0x0000000723000000, 0x0000000723200000|  0%| F|  |TAMS 0x0000000723000000, 0x0000000723000000| Untracked 
| 265|0x0000000723200000, 0x0000000723200000, 0x0000000723400000|  0%| F|  |TAMS 0x0000000723200000, 0x0000000723200000| Untracked 
| 266|0x0000000723400000, 0x0000000723400000, 0x0000000723600000|  0%| F|  |TAMS 0x0000000723400000, 0x0000000723400000| Untracked 
| 267|0x0000000723600000, 0x0000000723600000, 0x0000000723800000|  0%| F|  |TAMS 0x0000000723600000, 0x0000000723600000| Untracked 
| 268|0x0000000723800000, 0x0000000723800000, 0x0000000723a00000|  0%| F|  |TAMS 0x0000000723800000, 0x0000000723800000| Untracked 
| 269|0x0000000723a00000, 0x0000000723a00000, 0x0000000723c00000|  0%| F|  |TAMS 0x0000000723a00000, 0x0000000723a00000| Untracked 
| 270|0x0000000723c00000, 0x0000000723c00000, 0x0000000723e00000|  0%| F|  |TAMS 0x0000000723c00000, 0x0000000723c00000| Untracked 
| 271|0x0000000723e00000, 0x0000000723e00000, 0x0000000724000000|  0%| F|  |TAMS 0x0000000723e00000, 0x0000000723e00000| Untracked 
| 272|0x0000000724000000, 0x0000000724000000, 0x0000000724200000|  0%| F|  |TAMS 0x0000000724000000, 0x0000000724000000| Untracked 
| 273|0x0000000724200000, 0x0000000724200000, 0x0000000724400000|  0%| F|  |TAMS 0x0000000724200000, 0x0000000724200000| Untracked 
| 274|0x0000000724400000, 0x0000000724400000, 0x0000000724600000|  0%| F|  |TAMS 0x0000000724400000, 0x0000000724400000| Untracked 
| 275|0x0000000724600000, 0x0000000724600000, 0x0000000724800000|  0%| F|  |TAMS 0x0000000724600000, 0x0000000724600000| Untracked 
| 276|0x0000000724800000, 0x0000000724800000, 0x0000000724a00000|  0%| F|  |TAMS 0x0000000724800000, 0x0000000724800000| Untracked 
| 277|0x0000000724a00000, 0x0000000724a00000, 0x0000000724c00000|  0%| F|  |TAMS 0x0000000724a00000, 0x0000000724a00000| Untracked 
| 278|0x0000000724c00000, 0x0000000724c00000, 0x0000000724e00000|  0%| F|  |TAMS 0x0000000724c00000, 0x0000000724c00000| Untracked 
| 279|0x0000000724e00000, 0x0000000724e00000, 0x0000000725000000|  0%| F|  |TAMS 0x0000000724e00000, 0x0000000724e00000| Untracked 
| 280|0x0000000725000000, 0x0000000725000000, 0x0000000725200000|  0%| F|  |TAMS 0x0000000725000000, 0x0000000725000000| Untracked 
| 281|0x0000000725200000, 0x0000000725200000, 0x0000000725400000|  0%| F|  |TAMS 0x0000000725200000, 0x0000000725200000| Untracked 
| 282|0x0000000725400000, 0x0000000725400000, 0x0000000725600000|  0%| F|  |TAMS 0x0000000725400000, 0x0000000725400000| Untracked 
| 283|0x0000000725600000, 0x0000000725600000, 0x0000000725800000|  0%| F|  |TAMS 0x0000000725600000, 0x0000000725600000| Untracked 
| 284|0x0000000725800000, 0x0000000725800000, 0x0000000725a00000|  0%| F|  |TAMS 0x0000000725800000, 0x0000000725800000| Untracked 
| 285|0x0000000725a00000, 0x0000000725a00000, 0x0000000725c00000|  0%| F|  |TAMS 0x0000000725a00000, 0x0000000725a00000| Untracked 
| 286|0x0000000725c00000, 0x0000000725c00000, 0x0000000725e00000|  0%| F|  |TAMS 0x0000000725c00000, 0x0000000725c00000| Untracked 
| 287|0x0000000725e00000, 0x0000000725e00000, 0x0000000726000000|  0%| F|  |TAMS 0x0000000725e00000, 0x0000000725e00000| Untracked 
| 288|0x0000000726000000, 0x0000000726000000, 0x0000000726200000|  0%| F|  |TAMS 0x0000000726000000, 0x0000000726000000| Untracked 
| 289|0x0000000726200000, 0x0000000726200000, 0x0000000726400000|  0%| F|  |TAMS 0x0000000726200000, 0x0000000726200000| Untracked 
| 290|0x0000000726400000, 0x0000000726400000, 0x0000000726600000|  0%| F|  |TAMS 0x0000000726400000, 0x0000000726400000| Untracked 
| 291|0x0000000726600000, 0x0000000726600000, 0x0000000726800000|  0%| F|  |TAMS 0x0000000726600000, 0x0000000726600000| Untracked 
| 789|0x0000000764a00000, 0x0000000764a00000, 0x0000000764c00000|  0%| F|  |TAMS 0x0000000764a00000, 0x0000000764a00000| Untracked 
| 790|0x0000000764c00000, 0x0000000764c00000, 0x0000000764e00000|  0%| F|  |TAMS 0x0000000764c00000, 0x0000000764c00000| Untracked 
|2022|0x00000007fec00000, 0x00000007fec00000, 0x00000007fee00000|  0%| F|  |TAMS 0x00000007fec00000, 0x00000007fec00000| Untracked 
|2023|0x00000007fee00000, 0x00000007fee00000, 0x00000007ff000000|  0%| F|  |TAMS 0x00000007fee00000, 0x00000007fee00000| Untracked 
|2024|0x00000007ff000000, 0x00000007ff200000, 0x00000007ff200000|100%| O|  |TAMS 0x00000007ff200000, 0x00000007ff200000| Untracked 
|2025|0x00000007ff200000, 0x00000007ff400000, 0x00000007ff400000|100%| O|  |TAMS 0x00000007ff400000, 0x00000007ff400000| Untracked 
|2026|0x00000007ff400000, 0x00000007ff600000, 0x00000007ff600000|100%| O|  |TAMS 0x00000007ff600000, 0x00000007ff600000| Untracked 
|2027|0x00000007ff600000, 0x00000007ff800000, 0x00000007ff800000|100%| O|  |TAMS 0x00000007ff800000, 0x00000007ff800000| Untracked 
|2028|0x00000007ff800000, 0x00000007ffa00000, 0x00000007ffa00000|100%| O|  |TAMS 0x00000007ffa00000, 0x00000007ffa00000| Untracked 
|2029|0x00000007ffa00000, 0x00000007ffa00000, 0x00000007ffc00000|  0%| F|  |TAMS 0x00000007ffa00000, 0x00000007ffa00000| Untracked 
|2030|0x00000007ffc00000, 0x00000007ffe00000, 0x00000007ffe00000|100%| O|  |TAMS 0x00000007ffe00000, 0x00000007ffe00000| Untracked 
|2031|0x00000007ffe00000, 0x0000000800000000, 0x0000000800000000|100%| O|  |TAMS 0x0000000800000000, 0x0000000800000000| Untracked 

Card table byte_map: [0x00000298ba2d0000,0x00000298baac0000] _byte_map_base: 0x00000298b6ac0000

Marking Bits (Prev, Next): (CMBitMap*) 0x00000298aeadd6f0, (CMBitMap*) 0x00000298aeadd6b0
 Prev Bits: [0x00000298bf230000, 0x00000298c31b0000)
 Next Bits: [0x00000298bb2b0000, 0x00000298bf230000)

Polling page: 0x00000298ae230000

Metaspace:

Usage:
  Non-class:     98.97 MB used.
      Class:     15.67 MB used.
       Both:    114.64 MB used.

Virtual space:
  Non-class space:      128.00 MB reserved,     100.00 MB ( 78%) committed,  2 nodes.
      Class space:        1.00 GB reserved,      16.75 MB (  2%) committed,  1 nodes.
             Both:        1.12 GB reserved,     116.75 MB ( 10%) committed. 

Chunk freelists:
   Non-Class:  3.91 MB
       Class:  3.22 MB
        Both:  7.12 MB

MaxMetaspaceSize: unlimited
CompressedClassSpaceSize: 1.00 GB
Initial GC threshold: 21.00 MB
Current GC threshold: 193.56 MB
CDS: on
MetaspaceReclaimPolicy: balanced
 - commit_granule_bytes: 65536.
 - commit_granule_words: 8192.
 - virtual_space_node_default_size: 8388608.
 - enlarge_chunks_in_place: 1.
 - new_chunks_are_fully_committed: 0.
 - uncommit_free_chunks: 1.
 - use_allocation_guard: 0.


Internal statistics:

num_allocs_failed_limit: 46.
num_arena_births: 8072.
num_arena_deaths: 4408.
num_vsnodes_births: 3.
num_vsnodes_deaths: 0.
num_space_committed: 1874.
num_space_uncommitted: 5.
num_chunks_returned_to_freelist: 5862.
num_chunks_taken_from_freelist: 15783.
num_chunk_merges: 1859.
num_chunk_splits: 8614.
num_chunks_enlarged: 4793.
num_inconsistent_stats: 0.

CodeCache: size=49152Kb used=36769Kb max_used=36769Kb free=12382Kb
 bounds [0x00000298b69d0000, 0x00000298b8dc0000, 0x00000298b99d0000]
 total_blobs=19252 nmethods=18433 adapters=739
 compilation: enabled
              stopped_count=0, restarted_count=0
 full_count=0

Compilation events (20 events):
Event: 2715.546 Thread 0x00000298ca0099a0 nmethod 18600 0x00000298b8db1c10 code [0x00000298b8db1e20, 0x00000298b8db25f8]
Event: 2715.546 Thread 0x00000298ca0099a0 18605       1       sun.nio.ch.FileKey::create (15 bytes)
Event: 2715.546 Thread 0x00000298ca0099a0 nmethod 18605 0x00000298b8db2990 code [0x00000298b8db2b40, 0x00000298b8db2c68]
Event: 2715.546 Thread 0x00000298ca0099a0 18606   !   1       sun.nio.ch.FileLockTable::add (205 bytes)
Event: 2715.547 Thread 0x00000298cddb17e0 nmethod 18604 0x00000298b8db2d10 code [0x00000298b8db2ec0, 0x00000298b8db3288]
Event: 2715.547 Thread 0x00000298cddb17e0 18607       1       sun.nio.ch.FileLockTable$FileLockReference::<init> (12 bytes)
Event: 2715.547 Thread 0x00000298cddb1d70 nmethod 18598 0x00000298b8db3410 code [0x00000298b8db36e0, 0x00000298b8db3fa8]
Event: 2715.547 Thread 0x00000298cddb17e0 nmethod 18607 0x00000298b8db4890 code [0x00000298b8db4a40, 0x00000298b8db4c58]
Event: 2715.547 Thread 0x00000298cddb1d70 18608       1       java.nio.channels.FileLock::close (5 bytes)
Event: 2715.547 Thread 0x00000298cddb2300 nmethod 18603 0x00000298b8db4d10 code [0x00000298b8db4f20, 0x00000298b8db56a8]
Event: 2715.547 Thread 0x00000298cddb1d70 nmethod 18608 0x00000298b8db5b90 code [0x00000298b8db5d20, 0x00000298b8db5e08]
Event: 2715.548 Thread 0x00000298cddb2300 18609       1       net.bytebuddy.utility.visitor.ExceptionTableSensitiveMethodVisitor::visitVarInsn (11 bytes)
Event: 2715.548 Thread 0x00000298cddb2300 nmethod 18609 0x00000298b8db5e90 code [0x00000298b8db6040, 0x00000298b8db6198]
Event: 2715.548 Thread 0x00000298cddb2300 18610       1       net.bytebuddy.utility.visitor.ExceptionTableSensitiveMethodVisitor::onVisitVarInsn (7 bytes)
Event: 2715.548 Thread 0x00000298cddb17e0 18611       1       net.bytebuddy.implementation.bytecode.StackManipulation$Trivial::apply (7 bytes)
Event: 2715.548 Thread 0x00000298cddb2300 nmethod 18610 0x00000298b8db6290 code [0x00000298b8db6440, 0x00000298b8db6548]
Event: 2715.549 Thread 0x00000298ca0099a0 nmethod 18606 0x00000298b8db6610 code [0x00000298b8db68a0, 0x00000298b8db75b8]
Event: 2715.549 Thread 0x00000298cddb17e0 nmethod 18611 0x00000298b8db7d90 code [0x00000298b8db7f20, 0x00000298b8db8058]
Event: 2715.571 Thread 0x00000298cddb2300 18612       1       com.fasterxml.jackson.databind.util.ClassUtil::isEnumType (7 bytes)
Event: 2715.571 Thread 0x00000298cddb2300 nmethod 18612 0x00000298b8db8190 code [0x00000298b8db8320, 0x00000298b8db83e8]

GC Heap History (20 events):
Event: 1008.097 GC heap after
{Heap after GC invocations=48 (full 0):
 garbage-first heap   total 655360K, used 167569K [0x0000000702000000, 0x0000000800000000)
  region size 2048K, 2 young (4096K), 2 survivors (4096K)
 Metaspace       used 112695K, committed 114240K, reserved 1179648K
  class space    used 15254K, committed 16128K, reserved 1048576K
}
Event: 1749.066 GC heap before
{Heap before GC invocations=48 (full 0):
 garbage-first heap   total 655360K, used 200337K [0x0000000702000000, 0x0000000800000000)
  region size 2048K, 20 young (40960K), 2 survivors (4096K)
 Metaspace       used 112758K, committed 114304K, reserved 1179648K
  class space    used 15264K, committed 16128K, reserved 1048576K
}
Event: 1749.071 GC heap after
{Heap after GC invocations=49 (full 0):
 garbage-first heap   total 655360K, used 167136K [0x0000000702000000, 0x0000000800000000)
  region size 2048K, 1 young (2048K), 1 survivors (2048K)
 Metaspace       used 112758K, committed 114304K, reserved 1179648K
  class space    used 15264K, committed 16128K, reserved 1048576K
}
Event: 2025.820 GC heap before
{Heap before GC invocations=50 (full 0):
 garbage-first heap   total 561152K, used 503410K [0x0000000702000000, 0x0000000800000000)
  region size 2048K, 164 young (335872K), 1 survivors (2048K)
 Metaspace       used 115568K, committed 117824K, reserved 1179648K
  class space    used 15819K, committed 16960K, reserved 1048576K
}
Event: 2025.840 GC heap after
{Heap after GC invocations=51 (full 0):
 garbage-first heap   total 561152K, used 193211K [0x0000000702000000, 0x0000000800000000)
  region size 2048K, 17 young (34816K), 17 survivors (34816K)
 Metaspace       used 115568K, committed 117824K, reserved 1179648K
  class space    used 15819K, committed 16960K, reserved 1048576K
}
Event: 2025.875 GC heap before
{Heap before GC invocations=51 (full 0):
 garbage-first heap   total 561152K, used 195259K [0x0000000702000000, 0x0000000800000000)
  region size 2048K, 18 young (36864K), 17 survivors (34816K)
 Metaspace       used 115568K, committed 117824K, reserved 1179648K
  class space    used 15819K, committed 16960K, reserved 1048576K
}
Event: 2025.900 GC heap after
{Heap after GC invocations=52 (full 0):
 garbage-first heap   total 561152K, used 177787K [0x0000000702000000, 0x0000000800000000)
  region size 2048K, 2 young (4096K), 2 survivors (4096K)
 Metaspace       used 115568K, committed 117824K, reserved 1179648K
  class space    used 15819K, committed 16960K, reserved 1048576K
}
Event: 2026.598 GC heap before
{Heap before GC invocations=52 (full 0):
 garbage-first heap   total 561152K, used 319099K [0x0000000702000000, 0x0000000800000000)
  region size 2048K, 73 young (149504K), 2 survivors (4096K)
 Metaspace       used 115844K, committed 118144K, reserved 1179648K
  class space    used 15867K, committed 17024K, reserved 1048576K
}
Event: 2026.604 GC heap after
{Heap after GC invocations=53 (full 0):
 garbage-first heap   total 561152K, used 184753K [0x0000000702000000, 0x0000000800000000)
  region size 2048K, 5 young (10240K), 5 survivors (10240K)
 Metaspace       used 115844K, committed 118144K, reserved 1179648K
  class space    used 15867K, committed 17024K, reserved 1048576K
}
Event: 2497.894 GC heap before
{Heap before GC invocations=54 (full 0):
 garbage-first heap   total 561152K, used 449343K [0x0000000702000000, 0x0000000800000000)
  region size 2048K, 131 young (268288K), 5 survivors (10240K)
 Metaspace       used 116581K, committed 118848K, reserved 1179648K
  class space    used 15964K, committed 17088K, reserved 1048576K
}
Event: 2497.916 GC heap after
{Heap after GC invocations=55 (full 0):
 garbage-first heap   total 561152K, used 200700K [0x0000000702000000, 0x0000000800000000)
  region size 2048K, 14 young (28672K), 14 survivors (28672K)
 Metaspace       used 116581K, committed 118848K, reserved 1179648K
  class space    used 15964K, committed 17088K, reserved 1048576K
}
Event: 2497.924 GC heap before
{Heap before GC invocations=55 (full 0):
 garbage-first heap   total 561152K, used 202748K [0x0000000702000000, 0x0000000800000000)
  region size 2048K, 15 young (30720K), 14 survivors (28672K)
 Metaspace       used 116581K, committed 118848K, reserved 1179648K
  class space    used 15964K, committed 17088K, reserved 1048576K
}
Event: 2497.958 GC heap after
{Heap after GC invocations=56 (full 0):
 garbage-first heap   total 561152K, used 179150K [0x0000000702000000, 0x0000000800000000)
  region size 2048K, 2 young (4096K), 2 survivors (4096K)
 Metaspace       used 116581K, committed 118848K, reserved 1179648K
  class space    used 15964K, committed 17088K, reserved 1048576K
}
Event: 2498.203 GC heap before
{Heap before GC invocations=56 (full 0):
 garbage-first heap   total 561152K, used 228302K [0x0000000702000000, 0x0000000800000000)
  region size 2048K, 28 young (57344K), 2 survivors (4096K)
 Metaspace       used 116662K, committed 118912K, reserved 1179648K
  class space    used 15975K, committed 17088K, reserved 1048576K
}
Event: 2498.206 GC heap after
{Heap after GC invocations=57 (full 0):
 garbage-first heap   total 561152K, used 179305K [0x0000000702000000, 0x0000000800000000)
  region size 2048K, 3 young (6144K), 3 survivors (6144K)
 Metaspace       used 116662K, committed 118912K, reserved 1179648K
  class space    used 15975K, committed 17088K, reserved 1048576K
}
Event: 2715.409 GC heap before
{Heap before GC invocations=58 (full 0):
 garbage-first heap   total 561152K, used 445545K [0x0000000702000000, 0x0000000800000000)
  region size 2048K, 132 young (270336K), 3 survivors (6144K)
 Metaspace       used 117319K, committed 119424K, reserved 1179648K
  class space    used 16036K, committed 17088K, reserved 1048576K
}
Event: 2715.426 GC heap after
{Heap after GC invocations=59 (full 0):
 garbage-first heap   total 561152K, used 195409K [0x0000000702000000, 0x0000000800000000)
  region size 2048K, 13 young (26624K), 13 survivors (26624K)
 Metaspace       used 117319K, committed 119424K, reserved 1179648K
  class space    used 16036K, committed 17088K, reserved 1048576K
}
Event: 2715.438 GC heap before
{Heap before GC invocations=59 (full 0):
 garbage-first heap   total 561152K, used 197457K [0x0000000702000000, 0x0000000800000000)
  region size 2048K, 14 young (28672K), 13 survivors (26624K)
 Metaspace       used 117328K, committed 119488K, reserved 1179648K
  class space    used 16038K, committed 17152K, reserved 1048576K
}
Event: 2715.460 GC heap after
{Heap after GC invocations=60 (full 0):
 garbage-first heap   total 561152K, used 178884K [0x0000000702000000, 0x0000000800000000)
  region size 2048K, 2 young (4096K), 2 survivors (4096K)
 Metaspace       used 117328K, committed 119488K, reserved 1179648K
  class space    used 16038K, committed 17152K, reserved 1048576K
}
Event: 2715.628 GC heap before
{Heap before GC invocations=60 (full 0):
 garbage-first heap   total 561152K, used 201412K [0x0000000702000000, 0x0000000800000000)
  region size 2048K, 15 young (30720K), 2 survivors (4096K)
 Metaspace       used 117392K, committed 119552K, reserved 1179648K
  class space    used 16050K, committed 17152K, reserved 1048576K
}

Dll operation events (14 events):
Event: 0.018 Loaded shared library C:\Program Files\Java\jdk-19\bin\java.dll
Event: 0.037 Loaded shared library C:\Program Files\Java\jdk-19\bin\jsvml.dll
Event: 0.121 Loaded shared library C:\Program Files\Java\jdk-19\bin\zip.dll
Event: 0.124 Loaded shared library C:\Program Files\Java\jdk-19\bin\instrument.dll
Event: 0.129 Loaded shared library C:\Program Files\Java\jdk-19\bin\net.dll
Event: 0.131 Loaded shared library C:\Program Files\Java\jdk-19\bin\nio.dll
Event: 0.134 Loaded shared library C:\Program Files\Java\jdk-19\bin\zip.dll
Event: 0.269 Loaded shared library C:\Program Files\Java\jdk-19\bin\jimage.dll
Event: 2.474 Loaded shared library C:\Program Files\Java\jdk-19\bin\management.dll
Event: 2.479 Loaded shared library C:\Program Files\Java\jdk-19\bin\management_ext.dll
Event: 2.539 Loaded shared library C:\Program Files\Java\jdk-19\bin\verify.dll
Event: 4.349 Loaded shared library C:\Users\dell\AppData\Local\Temp\jansi-2.4.0-af0afd9a29d9a52e-jansi.dll
Event: 6.331 Loaded shared library C:\Program Files\Java\jdk-19\bin\sunmscapi.dll
Event: 6.349 Loaded shared library C:\Program Files\Java\jdk-19\bin\extnet.dll

Deoptimization events (20 events):
Event: 2715.615 Thread 0x00000298d54a26b0 DEOPT PACKING pc=0x00000298b7af0f14 sp=0x000000cafb8fe250
Event: 2715.615 Thread 0x00000298d54a26b0 DEOPT UNPACKING pc=0x00000298b6a37543 sp=0x000000cafb8fd708 mode 1
Event: 2715.615 Thread 0x00000298d54a26b0 DEOPT PACKING pc=0x00000298b73a29b4 sp=0x000000cafb8fe330
Event: 2715.615 Thread 0x00000298d54a26b0 DEOPT UNPACKING pc=0x00000298b6a37543 sp=0x000000cafb8fd868 mode 1
Event: 2715.615 Thread 0x00000298d54a26b0 DEOPT PACKING pc=0x00000298b6e3b51c sp=0x000000cafb8fdfe0
Event: 2715.615 Thread 0x00000298d54a26b0 DEOPT UNPACKING pc=0x00000298b6a37543 sp=0x000000cafb8fd4b0 mode 1
Event: 2715.615 Thread 0x00000298d54a26b0 DEOPT PACKING pc=0x00000298b6e3e624 sp=0x000000cafb8fe0b0
Event: 2715.615 Thread 0x00000298d54a26b0 DEOPT UNPACKING pc=0x00000298b6a37543 sp=0x000000cafb8fd588 mode 1
Event: 2715.615 Thread 0x00000298d54a26b0 DEOPT PACKING pc=0x00000298b6e3a94c sp=0x000000cafb8fe190
Event: 2715.615 Thread 0x00000298d54a26b0 DEOPT UNPACKING pc=0x00000298b6a37543 sp=0x000000cafb8fd6b0 mode 1
Event: 2715.615 Thread 0x00000298d54a26b0 DEOPT PACKING pc=0x00000298b73a182c sp=0x000000cafb8fe280
Event: 2715.615 Thread 0x00000298d54a26b0 DEOPT UNPACKING pc=0x00000298b6a37543 sp=0x000000cafb8fd778 mode 1
Event: 2715.618 Thread 0x00000298d54a26b0 DEOPT PACKING pc=0x00000298b6f3ea84 sp=0x000000cafb8fe0e0
Event: 2715.618 Thread 0x00000298d54a26b0 DEOPT UNPACKING pc=0x00000298b6a37543 sp=0x000000cafb8fd630 mode 1
Event: 2715.618 Thread 0x00000298d54a26b0 DEOPT PACKING pc=0x00000298b6f3d8ac sp=0x000000cafb8fe1e0
Event: 2715.618 Thread 0x00000298d54a26b0 DEOPT UNPACKING pc=0x00000298b6a37543 sp=0x000000cafb8fd6c8 mode 1
Event: 2715.618 Thread 0x00000298d54a26b0 DEOPT PACKING pc=0x00000298b6f3c7b4 sp=0x000000cafb8fe2a0
Event: 2715.618 Thread 0x00000298d54a26b0 DEOPT UNPACKING pc=0x00000298b6a37543 sp=0x000000cafb8fd760 mode 1
Event: 2715.618 Thread 0x00000298d54a26b0 DEOPT PACKING pc=0x00000298b6ef22fc sp=0x000000cafb8fe310
Event: 2715.618 Thread 0x00000298d54a26b0 DEOPT UNPACKING pc=0x00000298b6a37543 sp=0x000000cafb8fd820 mode 1

Classes loaded (20 events):
Event: 2026.209 Loading class java/lang/ObjectCustomizer
Event: 2026.209 Loading class java/lang/ObjectCustomizer done
Event: 2026.209 Loading class java/lang/ObjectCustomizer
Event: 2026.209 Loading class java/lang/ObjectCustomizer done
Event: 2497.707 Loading class java/lang/ObjectBeanInfo
Event: 2497.707 Loading class java/lang/ObjectBeanInfo done
Event: 2497.708 Loading class java/lang/ObjectBeanInfo
Event: 2497.708 Loading class java/lang/ObjectBeanInfo done
Event: 2497.708 Loading class java/lang/ObjectCustomizer
Event: 2497.708 Loading class java/lang/ObjectCustomizer done
Event: 2497.708 Loading class java/lang/ObjectCustomizer
Event: 2497.708 Loading class java/lang/ObjectCustomizer done
Event: 2715.116 Loading class java/lang/ObjectBeanInfo
Event: 2715.116 Loading class java/lang/ObjectBeanInfo done
Event: 2715.116 Loading class java/lang/ObjectBeanInfo
Event: 2715.116 Loading class java/lang/ObjectBeanInfo done
Event: 2715.116 Loading class java/lang/ObjectCustomizer
Event: 2715.116 Loading class java/lang/ObjectCustomizer done
Event: 2715.117 Loading class java/lang/ObjectCustomizer
Event: 2715.117 Loading class java/lang/ObjectCustomizer done

Classes unloaded (20 events):
Event: 2498.374 Thread 0x00000298c341d1b0 Unloading class 0x00000008016c0908 'io/quarkus/deployment/recording/BytecodeRecorderImpl$$ReturnValueProxy2198'
Event: 2498.374 Thread 0x00000298c341d1b0 Unloading class 0x00000008016c06c0 'io/quarkus/deployment/recording/BytecodeRecorderImpl$$ReturnValueProxy2194'
Event: 2498.374 Thread 0x00000298c341d1b0 Unloading class 0x00000008016c0490 'io/quarkus/deployment/recording/BytecodeRecorderImpl$$ReturnValueProxy2192'
Event: 2498.374 Thread 0x00000298c341d1b0 Unloading class 0x00000008016c0248 'io/quarkus/deployment/recording/BytecodeRecorderImpl$$ReturnValueProxy2190'
Event: 2498.374 Thread 0x00000298c341d1b0 Unloading class 0x00000008016c0000 'io/quarkus/deployment/recording/BytecodeRecorderImpl$$ReturnValueProxy2188'
Event: 2498.374 Thread 0x00000298c341d1b0 Unloading class 0x00000008016eb488 'io/quarkus/deployment/recording/BytecodeRecorderImpl$$ReturnValueProxy2180'
Event: 2498.374 Thread 0x00000298c341d1b0 Unloading class 0x00000008016eb230 'io/quarkus/deployment/recording/BytecodeRecorderImpl$$ReturnValueProxy2184'
Event: 2498.374 Thread 0x00000298c341d1b0 Unloading class 0x00000008016eb000 'io/quarkus/deployment/recording/BytecodeRecorderImpl$$ReturnValueProxy2186'
Event: 2498.374 Thread 0x00000298c341d1b0 Unloading class 0x0000000801704c90 'io/quarkus/deployment/recording/BytecodeRecorderImpl$$ReturnValueProxy2182'
Event: 2498.374 Thread 0x00000298c341d1b0 Unloading class 0x0000000801704a48 'io/quarkus/deployment/recording/BytecodeRecorderImpl$$ReturnValueProxy2178'
Event: 2498.374 Thread 0x00000298c341d1b0 Unloading class 0x0000000801704800 'io/quarkus/deployment/recording/BytecodeRecorderImpl$$ReturnValueProxy2176'
Event: 2498.374 Thread 0x00000298c341d1b0 Unloading class 0x0000000801f31c00 'java/lang/invoke/LambdaForm$MH+0x0000000801f31c00'
Event: 2498.374 Thread 0x00000298c341d1b0 Unloading class 0x0000000801f31000 'java/lang/invoke/LambdaForm$MH+0x0000000801f31000'
Event: 2498.374 Thread 0x00000298c341d1b0 Unloading class 0x0000000801fbd400 'java/lang/invoke/LambdaForm$MH+0x0000000801fbd400'
Event: 2498.374 Thread 0x00000298c341d1b0 Unloading class 0x0000000801fbd000 'java/lang/invoke/LambdaForm$MH+0x0000000801fbd000'
Event: 2498.374 Thread 0x00000298c341d1b0 Unloading class 0x0000000801fbcc00 'java/lang/invoke/LambdaForm$MH+0x0000000801fbcc00'
Event: 2498.374 Thread 0x00000298c341d1b0 Unloading class 0x0000000801fbc800 'java/lang/invoke/LambdaForm$MH+0x0000000801fbc800'
Event: 2498.374 Thread 0x00000298c341d1b0 Unloading class 0x0000000801fbc400 'java/lang/invoke/LambdaForm$MH+0x0000000801fbc400'
Event: 2498.374 Thread 0x00000298c341d1b0 Unloading class 0x0000000801fbc000 'java/lang/invoke/LambdaForm$MH+0x0000000801fbc000'
Event: 2498.374 Thread 0x00000298c341d1b0 Unloading class 0x0000000801018400 'java/lang/invoke/LambdaForm$MH+0x0000000801018400'

Classes redefined (0 events):
No events

Internal exceptions (20 events):
Event: 2715.583 Thread 0x00000298d54a26b0 Exception <a 'sun/nio/fs/WindowsException'{0x0000000721b444d8}> (0x0000000721b444d8) 
thrown [s\open\src\hotspot\share\prims\jni.cpp, line 517]
Event: 2715.593 Thread 0x00000298d54a26b0 Exception <a 'sun/nio/fs/WindowsException'{0x0000000721b61ef8}> (0x0000000721b61ef8) 
thrown [s\open\src\hotspot\share\prims\jni.cpp, line 517]
Event: 2715.593 Thread 0x00000298d54a26b0 Exception <a 'sun/nio/fs/WindowsException'{0x0000000721b62538}> (0x0000000721b62538) 
thrown [s\open\src\hotspot\share\prims\jni.cpp, line 517]
Event: 2715.594 Thread 0x00000298d54a26b0 Exception <a 'sun/nio/fs/WindowsException'{0x0000000721b62948}> (0x0000000721b62948) 
thrown [s\open\src\hotspot\share\prims\jni.cpp, line 517]
Event: 2715.594 Thread 0x00000298d54a26b0 Exception <a 'sun/nio/fs/WindowsException'{0x0000000721b630b0}> (0x0000000721b630b0) 
thrown [s\open\src\hotspot\share\prims\jni.cpp, line 517]
Event: 2715.596 Thread 0x00000298d54a26b0 Exception <a 'sun/nio/fs/WindowsException'{0x0000000721b67bd8}> (0x0000000721b67bd8) 
thrown [s\open\src\hotspot\share\prims\jni.cpp, line 517]
Event: 2715.598 Thread 0x00000298d54a26b0 Exception <a 'sun/nio/fs/WindowsException'{0x0000000721b72090}> (0x0000000721b72090) 
thrown [s\open\src\hotspot\share\prims\jni.cpp, line 517]
Event: 2715.598 Thread 0x00000298d54a26b0 Exception <a 'sun/nio/fs/WindowsException'{0x0000000721b725c0}> (0x0000000721b725c0) 
thrown [s\open\src\hotspot\share\prims\jni.cpp, line 517]
Event: 2715.599 Thread 0x00000298d54a26b0 Exception <a 'sun/nio/fs/WindowsException'{0x0000000721b729e0}> (0x0000000721b729e0) 
thrown [s\open\src\hotspot\share\prims\jni.cpp, line 517]
Event: 2715.599 Thread 0x00000298d54a26b0 Exception <a 'sun/nio/fs/WindowsException'{0x0000000721b73148}> (0x0000000721b73148) 
thrown [s\open\src\hotspot\share\prims\jni.cpp, line 517]
Event: 2715.603 Thread 0x00000298d54a26b0 Exception <a 'sun/nio/fs/WindowsException'{0x0000000721b7db28}> (0x0000000721b7db28) 
thrown [s\open\src\hotspot\share\prims\jni.cpp, line 517]
Event: 2715.609 Thread 0x00000298d54a26b0 Exception <a 'sun/nio/fs/WindowsException'{0x0000000721b94348}> (0x0000000721b94348) 
thrown [s\open\src\hotspot\share\prims\jni.cpp, line 517]
Event: 2715.609 Thread 0x00000298d54a26b0 Exception <a 'sun/nio/fs/WindowsException'{0x0000000721b94850}> (0x0000000721b94850) 
thrown [s\open\src\hotspot\share\prims\jni.cpp, line 517]
Event: 2715.609 Thread 0x00000298d54a26b0 Exception <a 'sun/nio/fs/WindowsException'{0x0000000721b94c58}> (0x0000000721b94c58) 
thrown [s\open\src\hotspot\share\prims\jni.cpp, line 517]
Event: 2715.610 Thread 0x00000298d54a26b0 Exception <a 'sun/nio/fs/WindowsException'{0x0000000721b953c0}> (0x0000000721b953c0) 
thrown [s\open\src\hotspot\share\prims\jni.cpp, line 517]
Event: 2715.612 Thread 0x00000298d54a26b0 Exception <a 'sun/nio/fs/WindowsException'{0x0000000721b997c8}> (0x0000000721b997c8) 
thrown [s\open\src\hotspot\share\prims\jni.cpp, line 517]
Event: 2715.614 Thread 0x00000298d54a26b0 Exception <a 'sun/nio/fs/WindowsException'{0x0000000721ba9c78}> (0x0000000721ba9c78) 
thrown [s\open\src\hotspot\share\prims\jni.cpp, line 517]
Event: 2715.614 Thread 0x00000298d54a26b0 Exception <a 'sun/nio/fs/WindowsException'{0x0000000721baa198}> (0x0000000721baa198) 
thrown [s\open\src\hotspot\share\prims\jni.cpp, line 517]
Event: 2715.615 Thread 0x00000298d54a26b0 Exception <a 'sun/nio/fs/WindowsException'{0x0000000721baa5d0}> (0x0000000721baa5d0) 
thrown [s\open\src\hotspot\share\prims\jni.cpp, line 517]
Event: 2715.615 Thread 0x00000298d54a26b0 Exception <a 'sun/nio/fs/WindowsException'{0x0000000721baad88}> (0x0000000721baad88) 
thrown [s\open\src\hotspot\share\prims\jni.cpp, line 517]

VM Operations (20 events):
Event: 2498.408 Executing VM operation: Cleanup done
Event: 2498.549 Executing VM operation: G1PauseCleanup
Event: 2498.549 Executing VM operation: G1PauseCleanup done
Event: 2498.852 Executing VM operation: HandshakeAllThreads
Event: 2498.852 Executing VM operation: HandshakeAllThreads done
Event: 2499.852 Executing VM operation: Cleanup
Event: 2499.853 Executing VM operation: Cleanup done
Event: 2501.854 Executing VM operation: Cleanup
Event: 2501.854 Executing VM operation: Cleanup done
Event: 2569.890 Executing VM operation: Cleanup
Event: 2569.890 Executing VM operation: Cleanup done
Event: 2590.898 Executing VM operation: Cleanup
Event: 2590.898 Executing VM operation: Cleanup done
Event: 2714.965 Executing VM operation: Cleanup
Event: 2714.968 Executing VM operation: Cleanup done
Event: 2715.408 Executing VM operation: G1CollectForAllocation
Event: 2715.429 Executing VM operation: G1CollectForAllocation done
Event: 2715.438 Executing VM operation: G1CollectForAllocation
Event: 2715.462 Executing VM operation: G1CollectForAllocation done
Event: 2715.628 Executing VM operation: G1TryInitiateConcMark

Events (20 events):
Event: 2715.297 Thread 0x00000298d537cba0 Thread added: 0x00000298d537cba0
Event: 2715.297 Thread 0x00000298d384a140 Thread added: 0x00000298d384a140
Event: 2715.298 Thread 0x00000298d537d0f0 Thread added: 0x00000298d537d0f0
Event: 2715.381 Thread 0x00000298d5495670 Thread added: 0x00000298d5495670
Event: 2715.381 Thread 0x00000298d5494680 Thread added: 0x00000298d5494680
Event: 2715.381 Thread 0x00000298d5493140 Thread added: 0x00000298d5493140
Event: 2715.381 Thread 0x00000298d5869510 Thread added: 0x00000298d5869510
Event: 2715.381 Thread 0x00000298d5869fb0 Thread added: 0x00000298d5869fb0
Event: 2715.381 Thread 0x00000298d586a500 Thread added: 0x00000298d586a500
Event: 2715.382 Thread 0x00000298d5868fc0 Thread added: 0x00000298d5868fc0
Event: 2715.382 Thread 0x00000298d54a3bf0 Thread added: 0x00000298d54a3bf0
Event: 2715.382 Thread 0x00000298d54a4140 Thread added: 0x00000298d54a4140
Event: 2715.382 Thread 0x00000298d54a26b0 Thread added: 0x00000298d54a26b0
Event: 2715.382 Thread 0x00000298d54a2c00 Thread added: 0x00000298d54a2c00
Event: 2715.382 Thread 0x00000298d54a4690 Thread added: 0x00000298d54a4690
Event: 2715.383 Thread 0x00000298d54a16c0 Thread added: 0x00000298d54a16c0
Event: 2715.385 Thread 0x00000298d5494bd0 Thread added: 0x00000298d5494bd0
Event: 2715.401 Thread 0x00000298cddb2300 Thread added: 0x00000298cddb2300
Event: 2715.401 Thread 0x00000298cddb17e0 Thread added: 0x00000298cddb17e0
Event: 2715.403 Thread 0x00000298cddb1d70 Thread added: 0x00000298cddb1d70


Dynamic libraries:
0x00007ff670560000 - 0x00007ff670570000 	C:\Program Files\Java\jdk-19\bin\java.EXE
0x00007ffb27fd0000 - 0x00007ffb281e4000 	C:\WINDOWS\SYSTEM32\ntdll.dll
0x00007ffb275e0000 - 0x00007ffb276a2000 	C:\WINDOWS\System32\KERNEL32.DLL
0x00007ffb25710000 - 0x00007ffb25ab3000 	C:\WINDOWS\System32\KERNELBASE.dll
0x00007ffb25c60000 - 0x00007ffb25d71000 	C:\WINDOWS\System32\ucrtbase.dll
0x00007ffaecfa0000 - 0x00007ffaecfbb000 	C:\Program Files\Java\jdk-19\bin\VCRUNTIME140.dll
0x00007ffaecfc0000 - 0x00007ffaecfd8000 	C:\Program Files\Java\jdk-19\bin\jli.dll
0x00007ffb26190000 - 0x00007ffb2623e000 	C:\WINDOWS\System32\ADVAPI32.dll
0x00007ffb25e30000 - 0x00007ffb25ed7000 	C:\WINDOWS\System32\msvcrt.dll
0x00007ffb27ea0000 - 0x00007ffb27f44000 	C:\WINDOWS\System32\sechost.dll
0x00007ffb26360000 - 0x00007ffb26477000 	C:\WINDOWS\System32\RPCRT4.dll
0x00007ffb26480000 - 0x00007ffb2662b000 	C:\WINDOWS\System32\USER32.dll
0x00007ffb25d80000 - 0x00007ffb25da6000 	C:\WINDOWS\System32\win32u.dll
0x00007ffb27f60000 - 0x00007ffb27f89000 	C:\WINDOWS\System32\GDI32.dll
0x00007ffb25ac0000 - 0x00007ffb25bd9000 	C:\WINDOWS\System32\gdi32full.dll
0x00007ffb0e290000 - 0x00007ffb0e51e000 	C:\WINDOWS\WinSxS\amd64_microsoft.windows.common-controls_6595b64144ccf1df_6.0.22621.1635_none_270f70857386168e\COMCTL32.dll
0x00007ffb25670000 - 0x00007ffb2570a000 	C:\WINDOWS\System32\msvcp_win.dll
0x00007ffb17690000 - 0x00007ffb1769a000 	C:\WINDOWS\SYSTEM32\VERSION.dll
0x00007ffb275a0000 - 0x00007ffb275d1000 	C:\WINDOWS\System32\IMM32.DLL
0x00007ffafa5c0000 - 0x00007ffafa5cc000 	C:\Program Files\Java\jdk-19\bin\vcruntime140_1.dll
0x00007ffaca770000 - 0x00007ffaca7fe000 	C:\Program Files\Java\jdk-19\bin\msvcp140.dll
0x00007ffab1e80000 - 0x00007ffab2b40000 	C:\Program Files\Java\jdk-19\bin\server\jvm.dll
0x00007ffb17c10000 - 0x00007ffb17c44000 	C:\WINDOWS\SYSTEM32\WINMM.dll
0x00007ffb0a280000 - 0x00007ffb0a289000 	C:\WINDOWS\SYSTEM32\WSOCK32.dll
0x00007ffb25db0000 - 0x00007ffb25e21000 	C:\WINDOWS\System32\ws2_32.DLL
0x00007ffb24420000 - 0x00007ffb24438000 	C:\WINDOWS\SYSTEM32\kernel.appcore.dll
0x00007ffaf9350000 - 0x00007ffaf935a000 	C:\Program Files\Java\jdk-19\bin\jimage.dll
0x00007ffb225d0000 - 0x00007ffb227fe000 	C:\WINDOWS\SYSTEM32\DBGHELP.DLL
0x00007ffb27840000 - 0x00007ffb27bc9000 	C:\WINDOWS\System32\combase.dll
0x00007ffb27760000 - 0x00007ffb27837000 	C:\WINDOWS\System32\OLEAUT32.dll
0x00007ffb06910000 - 0x00007ffb06942000 	C:\WINDOWS\SYSTEM32\dbgcore.DLL
0x00007ffb25be0000 - 0x00007ffb25c5b000 	C:\WINDOWS\System32\bcryptPrimitives.dll
0x00007ffb1d6a0000 - 0x00007ffb1d6ae000 	C:\Program Files\Java\jdk-19\bin\instrument.dll
0x00007ffae7f00000 - 0x00007ffae7f26000 	C:\Program Files\Java\jdk-19\bin\java.dll
0x00007ffb0f2b0000 - 0x00007ffb0f2ec000 	C:\Program Files\Java\jdk-19\bin\jdwp.dll
0x00007ffaed820000 - 0x00007ffaed8f7000 	C:\Program Files\Java\jdk-19\bin\jsvml.dll
0x00007ffb267e0000 - 0x00007ffb26fda000 	C:\WINDOWS\System32\SHELL32.dll
0x00007ffb233d0000 - 0x00007ffb23c9e000 	C:\WINDOWS\SYSTEM32\windows.storage.dll
0x00007ffb23290000 - 0x00007ffb233ce000 	C:\WINDOWS\SYSTEM32\wintypes.dll
0x00007ffb27bd0000 - 0x00007ffb27cc1000 	C:\WINDOWS\System32\SHCORE.dll
0x00007ffb270c0000 - 0x00007ffb2711e000 	C:\WINDOWS\System32\shlwapi.dll
0x00007ffb25300000 - 0x00007ffb25321000 	C:\WINDOWS\SYSTEM32\profapi.dll
0x00007ffb0d070000 - 0x00007ffb0d088000 	C:\Program Files\Java\jdk-19\bin\zip.dll
0x00007ffb1e200000 - 0x00007ffb1e213000 	C:\Program Files\Java\jdk-19\bin\net.dll
0x00007ffb18540000 - 0x00007ffb18677000 	C:\WINDOWS\SYSTEM32\WINHTTP.dll
0x00007ffb24890000 - 0x00007ffb248f9000 	C:\WINDOWS\system32\mswsock.dll
0x00007ffb18f50000 - 0x00007ffb18f66000 	C:\Program Files\Java\jdk-19\bin\nio.dll
0x00007ffb1a390000 - 0x00007ffb1a39c000 	C:\Program Files\Java\jdk-19\bin\dt_socket.dll
0x00007ffb23f00000 - 0x00007ffb23f2d000 	C:\WINDOWS\SYSTEM32\IPHLPAPI.DLL
0x00007ffb23f70000 - 0x00007ffb24063000 	C:\WINDOWS\SYSTEM32\DNSAPI.dll
0x00007ffb26630000 - 0x00007ffb26639000 	C:\WINDOWS\System32\NSI.dll
0x00007ffb15ca0000 - 0x00007ffb15caa000 	C:\Windows\System32\rasadhlp.dll
0x00007ffb15d60000 - 0x00007ffb15de4000 	C:\WINDOWS\System32\fwpuclnt.dll
0x00007ffb1e0f0000 - 0x00007ffb1e0fa000 	C:\Program Files\Java\jdk-19\bin\management.dll
0x00007ffb1d6b0000 - 0x00007ffb1d6bb000 	C:\Program Files\Java\jdk-19\bin\management_ext.dll
0x00007ffb26fe0000 - 0x00007ffb26fe8000 	C:\WINDOWS\System32\PSAPI.DLL
0x00007ffb0d040000 - 0x00007ffb0d050000 	C:\Program Files\Java\jdk-19\bin\verify.dll
0x0000000069ac0000 - 0x0000000069ae4000 	C:\Users\dell\AppData\Local\Temp\jansi-2.4.0-af0afd9a29d9a52e-jansi.dll
0x00007ffb24af0000 - 0x00007ffb24b0b000 	C:\WINDOWS\SYSTEM32\CRYPTSP.dll
0x00007ffb24390000 - 0x00007ffb243c5000 	C:\WINDOWS\system32\rsaenh.dll
0x00007ffb24990000 - 0x00007ffb249b8000 	C:\WINDOWS\SYSTEM32\USERENV.dll
0x00007ffb24c90000 - 0x00007ffb24cb8000 	C:\WINDOWS\SYSTEM32\bcrypt.dll
0x00007ffb24b10000 - 0x00007ffb24b1c000 	C:\WINDOWS\SYSTEM32\CRYPTBASE.dll
0x00007ffb17750000 - 0x00007ffb17769000 	C:\WINDOWS\SYSTEM32\dhcpcsvc6.DLL
0x00007ffb18170000 - 0x00007ffb1818f000 	C:\WINDOWS\SYSTEM32\dhcpcsvc.DLL
0x00007ffb18f40000 - 0x00007ffb18f4e000 	C:\Program Files\Java\jdk-19\bin\sunmscapi.dll
0x00007ffb253d0000 - 0x00007ffb25537000 	C:\WINDOWS\System32\CRYPT32.dll
0x00007ffb24c60000 - 0x00007ffb24c8e000 	C:\WINDOWS\SYSTEM32\ncrypt.dll
0x00007ffb24c20000 - 0x00007ffb24c57000 	C:\WINDOWS\SYSTEM32\NTASN1.dll
0x00007ffb17d00000 - 0x00007ffb17d08000 	C:\WINDOWS\system32\wshunix.dll
0x00007ffb20920000 - 0x00007ffb20928000 	C:\Program Files\Java\jdk-19\bin\extnet.dll
0x00007ffad9d30000 - 0x00007ffad9d47000 	C:\WINDOWS\system32\napinsp.dll
0x00007ffad9d10000 - 0x00007ffad9d2b000 	C:\WINDOWS\system32\pnrpnsp.dll
0x00007ffad9cf0000 - 0x00007ffad9d01000 	C:\WINDOWS\System32\winrnr.dll
0x00007ffb176a0000 - 0x00007ffb176b5000 	C:\WINDOWS\system32\wshbth.dll
0x00007ffad8320000 - 0x00007ffad8341000 	C:\WINDOWS\system32\nlansp_c.dll

dbghelp: loaded successfully - version: 4.0.5 - missing functions: none
symbol engine: initialized successfully - sym options: 0x614 - pdb path: .;C:\Program Files\Java\jdk-19\bin;C:\WINDOWS\SYSTEM32;C:\WINDOWS\WinSxS\amd64_microsoft.windows.common-controls_6595b64144ccf1df_6.0.22621.1635_none_270f70857386168e;C:\Program Files\Java\jdk-19\bin\server;C:\Users\dell\AppData\Local\Temp

VM Arguments:
jvm_args: -Dquarkus-internal.serialized-app-model.path=C:\Users\dell\Documents\GitHub\JavaTest\target\quarkus\bootstrap\dev-app-model.dat -javaagent:C:\Users\dell\.m2\repository\io\quarkus\quarkus-class-change-agent\3.1.2.Final\quarkus-class-change-agent-3.1.2.Final.jar -XX:TieredStopAtLevel=1 -agentlib:jdwp=transport=dt_socket,address=localhost:5005,server=y,suspend=n -Djava.util.logging.manager=org.jboss.logmanager.LogManager 
java_command: C:\Users\dell\Documents\GitHub\JavaTest\target\code-with-quarkus-dev.jar
java_class_path (initial): C:\Users\dell\Documents\GitHub\JavaTest\target\code-with-quarkus-dev.jar
Launcher Type: SUN_STANDARD

[Global flags]
     intx CICompilerCount                          = 4                                         {product} {ergonomic}
     uint ConcGCThreads                            = 2                                         {product} {ergonomic}
     uint G1ConcRefinementThreads                  = 8                                         {product} {ergonomic}
   size_t G1HeapRegionSize                         = 2097152                                   {product} {ergonomic}
    uintx GCDrainStackTargetSize                   = 64                                        {product} {ergonomic}
   size_t InitialHeapSize                          = 266338304                                 {product} {ergonomic}
   size_t MarkStackSize                            = 4194304                                   {product} {ergonomic}
   size_t MaxHeapSize                              = 4261412864                                {product} {ergonomic}
   size_t MaxNewSize                               = 2556428288                                {product} {ergonomic}
   size_t MinHeapDeltaBytes                        = 2097152                                   {product} {ergonomic}
   size_t MinHeapSize                              = 8388608                                   {product} {ergonomic}
    uintx NonProfiledCodeHeapSize                  = 0                                      {pd product} {ergonomic}
     bool ProfileInterpreter                       = false                                  {pd product} {command line}
    uintx ProfiledCodeHeapSize                     = 0                                      {pd product} {ergonomic}
   size_t SoftMaxHeapSize                          = 4261412864                             {manageable} {ergonomic}
     intx TieredStopAtLevel                        = 1                                         {product} {command line}
     bool UseCompressedClassPointers               = true                           {product lp64_product} {ergonomic}
     bool UseCompressedOops                        = true                           {product lp64_product} {ergonomic}
     bool UseG1GC                                  = true                                      {product} {ergonomic}
     bool UseLargePagesIndividualAllocation        = false                                  {pd product} {ergonomic}

Logging:
Log output configuration:
 #0: stdout all=warning uptime,level,tags foldmultilines=false
 #1: stderr all=off uptime,level,tags foldmultilines=false

Environment Variables:
JAVA_HOME=C:\Program Files\Java\jdk-19
PATH=C:\Program Files\Git\mingw64\bin;C:\Program Files\Git\usr\bin;C:\Users\dell\bin;C:\Program Files\OpenSSH;C:\Program Files\Common Files\Oracle\Java\javapath;C:\WINDOWS\system32;C:\WINDOWS;C:\WINDOWS\System32\Wbem;C:\WINDOWS\System32\WindowsPowerShell\v1.0;C:\WINDOWS\System32\OpenSSH;C:\Program Files\dotnet;C:\Program Files (x86)\Intel\Intel(R) Management Engine Components\DAL;C:\Program Files\Intel\Intel(R) Management Engine Components\DAL;C:\Program Files\Git\cmd;C:\Program Files\Microsoft SQL Server\150\Tools\Binn;C:\Program Files\Microsoft SQL Server\Client SDK\ODBC\170\Tools\Binn;D:\programFiles\android-studio\bin;C:\ProgramData\chocolatey\bin;C:\Program Files (x86)\Windows Kits\10\Windows Performance Toolkit;C:\Program Files\Java\jdk-19\bin;C:\Users\dell\AppData\Roaming\nvm;C:\Program Files\nodejs;C:\backend-dicoding;C:\Users\dell\.jbang\bin;C:\Users\dell\AppData\Local\Microsoft\WindowsApps;C:\Users\dell\AppData\Local\Programs\Microsoft VS Code\bin;C:\Users\dell\.dotnet\tools;C:\Users\dell\AppData\Roaming\nvm;C:\Program Files\nodejs;C:\backend-dicoding;C:\Users\dell\AppData\Local\GitHubDesktop\bin
USERNAME=dell
TERM=xterm-256color
OS=Windows_NT
PROCESSOR_IDENTIFIER=Intel64 Family 6 Model 142 Stepping 10, GenuineIntel
TMP=C:\Users\dell\AppData\Local\Temp
TEMP=C:\Users\dell\AppData\Local\Temp



---------------  S Y S T E M  ---------------

OS:
 Windows 11 , 64 bit Build 22621 (10.0.22621.1778)
OS uptime: 5 days 4:50 hours

CPU: total 8 (initial active 8) (4 cores per cpu, 2 threads per core) family 6 model 142 stepping 10 microcode 0xf0, cx8, cmov, fxsr, ht, mmx, 3dnowpref, sse, sse2, sse3, ssse3, sse4.1, sse4.2, popcnt, lzcnt, tsc, tscinvbit, avx, avx2, aes, erms, clmul, bmi1, bmi2, rtm, adx, fma, vzeroupper, clflush, clflushopt, rdtscp

Memory: 4k page, system-wide physical 16252M (3985M free)
TotalPageFile size 16252M (AvailPageFile size 698M)
current process WorkingSet (physical memory assigned to process): 827M, peak: 997M
current process commit charge ("private bytes"): 979M, peak: 1995M

vm_info: Java HotSpot(TM) 64-Bit Server VM (19.0.2+7-44) for windows-amd64 JRE (19.0.2+7-44), built on 2022-11-30T18:02:09Z by "mach5one" with MS VC++ 17.1 (VS2022)

END.
